 
 JobID: compute-0-8-0-66b2e058
 BatchMin V13.8    Build  138132  Starting Time 06-Aug-2024 21:47:55
 MacroModel. Copyright Schrodinger, LLC.
 All rights reserved.

 Input filename:  pyrd11.mae
 Output filename: pyrd11_out.maegz
 Turning on debug switch          55
 Atom-type file: /share/apps/schrodinger2022-4/mmshare-v6.0/bin/Linux-x86_64/../../data/atom.typ
 No FFLD_OPLS_PRINT license found. Forcefield parameters will not be revealed.
 Force field: /share/apps/schrodinger2022-4/macromodel-v13.8/bin/Linux-x86_64/../../data/f16.fld
 Read    20 atoms. Structure name, if any, appears on next line: 
 pyrd11.xyz
Low-frequency-Mode Conformational Search.
 Probability of TORS/MOLS steps:   0.5000000    
 Non-conformer Serial Search requested
 Number of steps set to :         100
 Quality of Force Field Parameters in Use:
   Numbers of high, medium and low quality stretch parameters =   20    0    0
   Numbers of high, medium and low quality bend parameters    =   32    0    0
   Numbers of high, medium and low quality torsion parameters =   35    0    0
   Interactions examined:         87 of         87 total, including unused params.
      Stretch total=       20   constrained=        0
         Bend total=       32   constrained=        0        linear=        0
      Torsion total=       41   constrained=        0  out-of-plane=        6
    Nonbonded total=      138      H-bonded=        0      ordinary=      138
  Nonbonded cutoffs: CutVdw=   7.00    ;  CutEs=   12.0    
 Starting conjugate gradient minimization.
          Step     1 New global minimum.  E (kJ/mol) =       74.70
 Conf     1 E =    74.70 (  0.001) is unique and stored as structure     1
 Conf     2 E =    74.70 (  0.001) rejected by structure     1
 Conf     3 E =    74.70 (  0.001) rejected by structure     1
 Conf     4 E =    74.70 (  0.001) rejected by structure     1
 Conf     5 E =    80.72 (  0.001) is unique and stored as structure     2
 Conf     6 E =    80.72 (  0.001) rejected by structure     2
 Conf     7 E =    74.70 (  0.001) rejected by structure     1
 Conf     8 E =    80.72 (  0.001) rejected by structure     2
 Conf     9 E =    74.70 (  0.001) rejected by structure     1
 Conf    10 E =    80.72 (  0.001) rejected by structure     2
 Conf    11 E =    80.72 (  0.001) rejected by structure     2
 Conf    12 E =    80.72 (  0.001) rejected by structure     2
 Conf    13 E =    74.70 (  0.000) rejected by structure     1
 Conf    14 E =    74.70 (  0.000) rejected by structure     1
 Conf    15 E =    74.70 (  0.000) rejected by structure     1
 Conf    16 E =    80.72 (  0.000) rejected by structure     2
 Conf    17 E =    74.70 (  0.001) rejected by structure     1
 Conf    18 E =    74.70 (  0.001) rejected by structure     1
 Conf    19 E =    80.72 (  0.001) rejected by structure     2
 Conf    20 E =    74.70 (  0.000) rejected by structure     1
 Conf    21 E =    80.72 (  0.001) rejected by structure     2
 Conf    22 E =    74.70 (  0.001) rejected by structure     1
 Conf    23 E =    74.70 (  0.001) rejected by structure     1
 Conf    24 E =    80.72 (  0.001) rejected by structure     2
 Conf    25 E =    80.72 (  0.001) rejected by structure     2
 Conf    26 E =    80.72 (  0.001) rejected by structure     2
 Conf    27 E =    74.70 (  0.001) rejected by structure     1
 Conf    28 E =    80.72 (  0.001) rejected by structure     2
 Conf    29 E =    74.70 (  0.001) rejected by structure     1
 Conf    30 E =    80.72 (  0.001) rejected by structure     2
 Conf    31 E =    80.72 (  0.000) rejected by structure     2
 Conf    32 E =    80.72 (  0.000) rejected by structure     2
 Conf    33 E =    80.72 (  0.001) rejected by structure     2
 Conf    34 E =    80.72 (  0.001) rejected by structure     2
 Conf    35 E =    80.72 (  0.001) rejected by structure     2
 Conf    36 E =   112.78 (  0.001) rejected by TORC      8     7     6     9
 Conf    37 E =   116.81 (  0.001) rejected by TORC      8     7     6     9
 Conf    38 E =    74.70 (  0.000) rejected by structure     1
 Conf    39 E =    80.72 (  0.000) rejected by structure     2
 Conf    40 E =    74.70 (  0.001) rejected by structure     1
 Conf    41 E =    80.72 (  0.001) rejected by structure     2
 Conf    42 E =    80.72 (  0.000) rejected by structure     2
 Conf    43 E =    74.70 (  0.001) rejected by structure     1
 Conf    44 E =    80.72 (  0.001) rejected by structure     2
 Conf    45 E =    80.72 (  0.001) rejected by structure     2
 Conf    46 E =    80.72 (  0.001) rejected by structure     2
 Conf    47 E =    80.72 (  0.001) rejected by structure     2
 Conf    48 E =    74.70 (  0.001) rejected by structure     1
 Conf    49 E =    74.70 (  0.001) rejected by structure     1
 Conf    50 E =    80.72 (  0.001) rejected by structure     2
 Conf    51 E =    80.72 (  0.001) rejected by structure     2
 Conf    52 E =    80.72 (  0.001) rejected by structure     2
 Conf    53 E =    74.70 (  0.001) rejected by structure     1
 Conf    54 E =    80.72 (  0.000) rejected by structure     2
 Conf    55 E =    74.70 (  0.001) rejected by structure     1
 Conf    56 E =    80.72 (  0.000) rejected by structure     2
 Conf    57 E =    80.72 (  0.001) rejected by structure     2
 Conf    58 E =    74.70 (  0.001) rejected by structure     1
 Conf    59 E =    80.72 (  0.001) rejected by structure     2
 Conf    60 E =    74.70 (  0.001) rejected by structure     1
 Conf    61 E =    80.72 (  0.001) rejected by structure     2
 Conf    62 E =    74.70 (  0.001) rejected by structure     1
 Conf    63 E =    74.70 (  0.001) rejected by structure     1
 Conf    64 E =    74.70 (  0.000) rejected by structure     1
 Conf    65 E =    80.72 (  0.001) rejected by structure     2
 Conf    66 E =    80.72 (  0.001) rejected by structure     2
 Conf    67 E =    80.72 (  0.001) rejected by structure     2
 Conf    68 E =    80.72 (  0.001) rejected by structure     2
 Conf    69 E =   116.81 (  0.001) rejected by TORC      8     7     6     9
 Conf    70 E =    80.72 (  0.001) rejected by structure     2
 Conf    71 E =    74.70 (  0.001) rejected by structure     1
 Conf    72 E =    74.70 (  0.001) rejected by structure     1
 Conf    73 E =   116.81 (  0.001) rejected by TORC      8     7     6     9
 Conf    74 E =   112.78 (  0.001) rejected by TORC      8     7     6     9
 Conf    75 E =    74.70 (  0.000) rejected by structure     1
 Conf    76 E =    74.70 (  0.001) rejected by structure     1
 Conf    77 E =    74.70 (  0.001) rejected by structure     1
 Conf    78 E =    74.70 (  0.001) rejected by structure     1
 Conf    79 E =    80.72 (  0.000) rejected by structure     2
 Conf    80 E =    74.70 (  0.000) rejected by structure     1
 Conf    81 E =    74.70 (  0.001) rejected by structure     1
 Conf    82 E =    74.70 (  0.000) rejected by structure     1
 Conf    83 E =    80.72 (  0.001) rejected by structure     2
 Conf    84 E =   112.78 (  0.001) rejected by TORC      8     7     6     9
 Conf    85 E =    80.72 (  0.001) rejected by structure     2
 Conf    86 E =    74.70 (  0.001) rejected by structure     1
 Conf    87 E =    80.72 (  0.001) rejected by structure     2
 Conf    88 E =    80.72 (  0.000) rejected by structure     2
 Conf    89 E =    74.70 (  0.000) rejected by structure     1
 Conf    90 E =    74.70 (  0.001) rejected by structure     1
 Conf    91 E =   116.81 (  0.001) rejected by TORC      8     7     6     9
 Conf    92 E =    74.70 (  0.001) rejected by structure     1
 Conf    93 E =    80.72 (  0.001) rejected by structure     2
 Conf    94 E =    74.70 (  0.001) rejected by structure     1
 Conf    95 E =    74.70 (  0.001) rejected by structure     1
 Conf    96 E =    80.72 (  0.001) rejected by structure     2
 Conf    97 E =    80.72 (  0.001) rejected by structure     2
 Conf    98 E =    74.70 (  0.001) rejected by structure     1
 Conf    99 E =    80.72 (  0.000) rejected by structure     2
 Conf   100 E =    80.72 (  0.001) rejected by structure     2
 
Final report; processing .tmp file:
    2 unique conformations found so far
    2 minimized with good convergence
Found     1 confs within  1.00 kcal/mol ( 4.18 kJ/mol) of glob. min.
Found     2 confs within  2.00 kcal/mol ( 8.37 kJ/mol) of glob. min.
Global minimum E =     74.70 found    44 times.
  100 steps performed so far, out of   100
 E of low-energy structures above global min [kJ/mol],  and no. times found:
    E:  0.00  6.01
  No.:    44    49
 
Input structure with title on the next line is given SerNo:        1
pyrd11.xyz
Auto summary for input structure      1:
 Total number of structures processed =         100
 Conformations with poor convergence marked with a *
 Conformation       1 (    74.70435     kJ/mol) was found    44 times
 Conformation       2 (    80.71619     kJ/mol) was found    49 times
           *** MC Statistics ***
 Percent of minimized structures within energetic window:   93.00000    
 Average number of duplicates:     46.50000    
 Duplication standard deviation:   3.535534    
         103  structures generated
           0  rejected by ring closure
           4  rejected by van der Waals
          91  duplicate minimised structures
 
BatchMin: normal termination                           06-Aug-2024 21:48:03

real	0m9.349s
user	0m8.227s
sys	0m1.009s
