 
 JobID: compute-0-8-0-66b2e034
 BatchMin V13.8    Build  138132  Starting Time 06-Aug-2024 21:47:18
 MacroModel. Copyright Schrodinger, LLC.
 All rights reserved.

 Input filename:  pyrd10.mae
 Output filename: pyrd10_out.maegz
 Turning on debug switch          55
 Atom-type file: /share/apps/schrodinger2022-4/mmshare-v6.0/bin/Linux-x86_64/../../data/atom.typ
 No FFLD_OPLS_PRINT license found. Forcefield parameters will not be revealed.
 Force field: /share/apps/schrodinger2022-4/macromodel-v13.8/bin/Linux-x86_64/../../data/f16.fld
 Read    20 atoms. Structure name, if any, appears on next line: 
 pyrd10.xyz
Low-frequency-Mode Conformational Search.
 Probability of TORS/MOLS steps:   0.5000000    
 Non-conformer Serial Search requested
 Number of steps set to :         300
 Quality of Force Field Parameters in Use:
   Numbers of high, medium and low quality stretch parameters =   20    0    0
   Numbers of high, medium and low quality bend parameters    =   34    0    0
   Numbers of high, medium and low quality torsion parameters =   44    0    0
   Interactions examined:         98 of         98 total, including unused params.
      Stretch total=       20   constrained=        0
         Bend total=       34   constrained=        0        linear=        0
      Torsion total=       49   constrained=        0  out-of-plane=        5
    Nonbonded total=      136      H-bonded=        0      ordinary=      136
  Nonbonded cutoffs: CutVdw=   7.00    ;  CutEs=   12.0    
 Starting conjugate gradient minimization.
          Step     1 New global minimum.  E (kJ/mol) =       45.16
 Conf     1 E =    45.16 (  0.001) is unique and stored as structure     1
          Step     2 New global minimum.  E (kJ/mol) =       45.16
 Conf     2 E =    45.16 (  0.001) replaces structure     1
 Conf     3 E =    45.16 (  0.001) rejected by structure     1
          Step     4 New global minimum.  E (kJ/mol) =       44.34
 Conf     4 E =    44.34 (  0.001) is unique and stored as structure     2
 Conf     5 E =    48.17 (  0.001) is unique and stored as structure     3
 Conf     6 E =    48.17 (  0.000) replaces structure     3
 Conf     7 E =    45.16 (  0.001) rejected by structure     1
 Conf     8 E =    48.17 (  0.001) replaces structure     3
 Conf     9 E =    48.17 (  0.001) rejected by structure     3
 Conf    10 E =    54.66 (  0.001) is unique and stored as structure     4
 Conf    11 E =    44.42 (  0.001) is unique and stored as structure     5
 Conf    12 E =    44.69 (  0.001) is unique and stored as structure     6
 Conf    13 E =    44.69 (  0.001) rejected by structure     6
 Conf    14 E =    44.42 (  0.001) rejected by structure     5
 Conf    15 E =    50.09 (  0.001) is unique and stored as structure     7
 Conf    16 E =    50.09 (  0.001) rejected by structure     7
 Conf    17 E =    44.42 (  0.000) rejected by structure     5
 Conf    18 E =    54.14 (  0.000) is unique and stored as structure     8
 Conf    19 E =    54.14 (  0.001) rejected by structure     8
 Conf    20 E =    54.14 (  0.001) rejected by structure     8
 Conf    21 E =    44.69 (  0.001) rejected by structure     6
 Conf    22 E =    44.42 (  0.001) rejected by structure     5
 Conf    23 E =    44.42 (  0.001) rejected by structure     5
          Step    24 New global minimum.  E (kJ/mol) =       40.08
 Conf    24 E =    40.08 (  0.001) is unique and stored as structure     9
 Conf    25 E =    54.66 (  0.001) rejected by structure     4
 Conf    26 E =    44.69 (  0.001) rejected by structure     6
 Conf    27 E =    40.08 (  0.001) rejected by structure     9
 Conf    28 E =    48.17 (  0.001) rejected by structure     3
          Step    29 New global minimum.  E (kJ/mol) =       39.89
 Conf    29 E =    39.89 (  0.000) is unique and stored as structure    10
 Conf    30 E =    40.08 (  0.001) replaces structure     9
 Conf    31 E =    44.42 (  0.000) rejected by structure     5
 Conf    32 E =    54.66 (  0.000) rejected by structure     4
 Conf    33 E =    39.89 (  0.001) rejected by structure    10
 Conf    34 E =    48.17 (  0.001) rejected by structure     3
 Conf    35 E =    54.14 (  0.000) rejected by structure     8
 Conf    36 E =    50.09 (  0.001) rejected by structure     7
 Conf    37 E =    44.34 (  0.001) replaces structure     2
 Conf    38 E =    48.17 (  0.001) rejected by structure     3
 Conf    39 E =    44.69 (  0.001) rejected by structure     6
 Conf    40 E =    54.14 (  0.001) rejected by structure     8
 Conf    41 E =   306.21 (  0.001) rejected by distorted sp3 atom
 Distorted SP3
 Conf    42 E =    40.08 (  0.000) replaces structure     9
 Conf    43 E =    44.69 (  0.001) rejected by structure     6
 Conf    44 E =    44.34 (  0.001) replaces structure     2
 Conf    45 E =    44.42 (  0.001) rejected by structure     5
 Conf    46 E =    44.42 (  0.001) rejected by structure     5
 Conf    47 E =    44.34 (  0.001) replaces structure     2
 Conf    48 E =    52.45 (  0.001) is unique and stored as structure    11
 Conf    49 E =    52.45 (  0.000) rejected by structure    11
 Conf    50 E =    48.17 (  0.000) rejected by structure     3
 Conf    51 E =   298.68 (  0.001) rejected by distorted sp3 atom
 Distorted SP3
 Conf    52 E =    45.16 (  0.001) rejected by structure     1
 Conf    53 E =    50.09 (  0.001) rejected by structure     7
 Conf    54 E =    52.45 (  0.001) rejected by structure    11
 Conf    55 E =    45.16 (  0.000) rejected by structure     1
 Conf    56 E =    44.34 (  0.001) rejected by structure     2
 Conf    57 E =    39.89 (  0.001) rejected by structure    10
 Conf    58 E =    40.08 (  0.001) replaces structure     9
 Conf    59 E =   306.21 (  0.001) rejected by distorted sp3 atom
 Distorted SP3
 Conf    60 E =    44.69 (  0.000) rejected by structure     6
 Conf    61 E =    44.42 (  0.001) rejected by structure     5
 Conf    62 E =    45.16 (  0.001) rejected by structure     1
 Conf    63 E =    48.17 (  0.001) rejected by structure     3
 Conf    64 E =    50.09 (  0.001) rejected by structure     7
 Conf    65 E =    52.45 (  0.000) rejected by structure    11
 Conf    66 E =    54.14 (  0.000) rejected by structure     8
 Conf    67 E =    45.16 (  0.001) rejected by structure     1
 Conf    68 E =    44.42 (  0.001) rejected by structure     5
 Conf    69 E =    54.66 (  0.001) rejected by structure     4
          Step    70 New global minimum.  E (kJ/mol) =       39.89
 Conf    70 E =    39.89 (  0.001) replaces structure    10
 Conf    71 E =    39.89 (  0.000) rejected by structure    10
 Conf    72 E =    50.09 (  0.001) rejected by structure     7
 Conf    73 E =    44.69 (  0.001) rejected by structure     6
 Conf    74 E =    48.17 (  0.000) rejected by structure     3
 Conf    75 E =    44.42 (  0.001) rejected by structure     5
 Conf    76 E =    52.45 (  0.001) rejected by structure    11
 Conf    77 E =    40.08 (  0.001) rejected by structure     9
 Conf    78 E =    44.42 (  0.001) rejected by structure     5
 Conf    79 E =    45.16 (  0.001) rejected by structure     1
 Conf    80 E =    40.08 (  0.001) rejected by structure     9
 Conf    81 E =    40.08 (  0.001) replaces structure     9
 Conf    82 E =    44.34 (  0.001) rejected by structure     2
 Conf    83 E =    44.42 (  0.000) rejected by structure     5
 Conf    84 E =    44.34 (  0.001) rejected by structure     2
 Conf    85 E =    48.17 (  0.001) rejected by structure     3
 Conf    86 E =    50.09 (  0.001) rejected by structure     7
 Conf    87 E =    45.16 (  0.001) rejected by structure     1
 Conf    88 E =    44.34 (  0.001) rejected by structure     2
 Conf    89 E =    54.66 (  0.000) rejected by structure     4
 Conf    90 E =    54.66 (  0.000) rejected by structure     4
 Conf    91 E =    39.89 (  0.000) rejected by structure    10
 Conf    92 E =    54.14 (  0.001) rejected by structure     8
 Conf    93 E =    44.42 (  0.000) rejected by structure     5
 Conf    94 E =    44.69 (  0.001) rejected by structure     6
 Conf    95 E =    48.17 (  0.001) rejected by structure     3
 Conf    96 E =    48.17 (  0.001) rejected by structure     3
 Conf    97 E =    44.34 (  0.001) rejected by structure     2
 Conf    98 E =    52.45 (  0.001) rejected by structure    11
 Conf    99 E =    54.66 (  0.000) rejected by structure     4
 Conf   100 E =    54.66 (  0.001) rejected by structure     4
 
Interim report; processing .tmp file:
   11 unique conformations found so far
   11 minimized with good convergence
Found     2 confs within  1.00 kcal/mol ( 4.18 kJ/mol) of glob. min.
Found     7 confs within  2.00 kcal/mol ( 8.37 kJ/mol) of glob. min.
Found     8 confs within  3.00 kcal/mol (12.55 kJ/mol) of glob. min.
Found    11 confs within  5.00 kcal/mol (20.92 kJ/mol) of glob. min.
Global minimum E =     39.89 found     6 times.
  100 steps performed so far, out of   300
 E of low-energy structures above global min [kJ/mol],  and no. times found:
    E:  0.00  0.19  4.45  4.53  4.80  5.27  8.27 10.20 12.55 14.25 14.77
  No.:     6     8     9    14     9    10    13     7     6     7     8
 
 Conf   101 E =    54.66 (  0.000) rejected by structure    11
 Conf   102 E =    40.08 (  0.000) rejected by structure     2
 Conf   103 E =    44.34 (  0.001) rejected by structure     3
 Conf   104 E =    51.12 (  0.001) is unique and stored as structure    12
 Conf   105 E =    40.08 (  0.001) rejected by structure     2
 Conf   106 E =    44.34 (  0.001) replaces structure     3
 Conf   107 E =    51.12 (  0.001) rejected by structure    12
 Conf   108 E =    49.12 (  0.001) is unique and stored as structure    13
 Conf   109 E =    49.12 (  0.000) rejected by structure    13
 Conf   110 E =    54.14 (  0.000) rejected by structure    10
 Conf   111 E =    48.17 (  0.001) rejected by structure     7
 Conf   112 E =    44.69 (  0.001) rejected by structure     5
 Conf   113 E =    40.08 (  0.001) rejected by structure     2
 Conf   114 E =    48.17 (  0.001) rejected by structure     7
 Conf   115 E =    49.12 (  0.001) rejected by structure    13
 Conf   116 E =    52.45 (  0.000) rejected by structure     9
 Conf   117 E =    44.34 (  0.001) rejected by structure     3
 Conf   118 E =    48.17 (  0.000) rejected by structure     7
 Conf   119 E =    39.89 (  0.001) rejected by structure     1
 Conf   120 E =    49.12 (  0.001) rejected by structure    13
 Conf   121 E =    44.42 (  0.001) replaces structure     4
 Conf   122 E =    44.42 (  0.001) rejected by structure     4
 Conf   123 E =    44.34 (  0.000) rejected by structure     3
 Conf   124 E =    40.08 (  0.000) rejected by structure     2
 Conf   125 E =    48.17 (  0.001) rejected by structure     7
 Conf   126 E =    44.69 (  0.001) rejected by structure     5
 Conf   127 E =    50.09 (  0.001) rejected by structure     8
 Conf   128 E =    51.12 (  0.000) rejected by structure    12
 Conf   129 E =    39.89 (  0.001) rejected by structure     1
 Conf   130 E =    54.66 (  0.000) rejected by structure    11
 Conf   131 E =    40.08 (  0.000) replaces structure     2
          Step   132 New global minimum.  E (kJ/mol) =       39.89
 Conf   132 E =    39.89 (  0.000) replaces structure     1
 Conf   133 E =    44.42 (  0.001) rejected by structure     4
 Conf   134 E =    39.89 (  0.001) rejected by structure     1
 Conf   135 E =    54.14 (  0.001) rejected by structure    10
 Conf   136 E =    44.69 (  0.001) replaces structure     5
 Conf   137 E =    44.34 (  0.001) rejected by structure     3
 Conf   138 E =    44.42 (  0.001) rejected by structure     4
 Conf   139 E =    44.42 (  0.000) rejected by structure     4
 Conf   140 E =    50.09 (  0.001) rejected by structure     8
 Conf   141 E =    45.16 (  0.001) rejected by structure     6
 Conf   142 E =    51.12 (  0.001) rejected by structure    12
 Conf   143 E =    50.09 (  0.000) rejected by structure     8
 Conf   144 E =    54.66 (  0.000) rejected by structure    11
 Conf   145 E =    44.42 (  0.001) rejected by structure     4
 Conf   146 E =    44.42 (  0.000) rejected by structure     4
 Conf   147 E =    45.16 (  0.001) rejected by structure     6
 Conf   148 E =    54.14 (  0.001) rejected by structure    10
 Conf   149 E =    39.89 (  0.000) rejected by structure     1
 Conf   150 E =    54.66 (  0.000) rejected by structure    11
 Conf   151 E =    44.42 (  0.001) rejected by structure     4
 Conf   152 E =    44.42 (  0.001) replaces structure     4
 Conf   153 E =    40.08 (  0.001) rejected by structure     2
 Conf   154 E =    44.34 (  0.001) rejected by structure     3
 Conf   155 E =    48.17 (  0.001) rejected by structure     7
 Conf   156 E =    44.34 (  0.001) rejected by structure     3
 Conf   157 E =    44.34 (  0.001) rejected by structure     3
 Conf   158 E =    39.89 (  0.000) rejected by structure     1
 Conf   159 E =    54.14 (  0.001) rejected by structure    10
 Conf   160 E =    45.16 (  0.001) rejected by structure     6
 Conf   161 E =    44.42 (  0.000) rejected by structure     4
 Conf   162 E =    40.08 (  0.001) rejected by structure     2
 Conf   163 E =    45.16 (  0.000) rejected by structure     6
 Conf   164 E =    48.17 (  0.001) rejected by structure     7
 Conf   165 E =    44.42 (  0.001) rejected by structure     4
 Conf   166 E =    50.09 (  0.001) rejected by structure     8
 Conf   167 E =    49.12 (  0.001) rejected by structure    13
 Conf   168 E =    52.45 (  0.000) rejected by structure     9
 Conf   169 E =    44.34 (  0.001) replaces structure     3
 Conf   170 E =    40.08 (  0.001) rejected by structure     2
 Conf   171 E =    48.17 (  0.001) rejected by structure     7
 Conf   172 E =    44.69 (  0.000) rejected by structure     5
 Conf   173 E =    44.34 (  0.001) rejected by structure     3
 Conf   174 E =    44.69 (  0.000) rejected by structure     5
 Conf   175 E =    48.17 (  0.001) rejected by structure     7
 Conf   176 E =    54.66 (  0.000) rejected by structure    11
 Conf   177 E =    45.16 (  0.001) rejected by structure     6
 Conf   178 E =    44.69 (  0.001) rejected by structure     5
 Conf   179 E =    44.69 (  0.000) rejected by structure     5
 Conf   180 E =    44.69 (  0.001) rejected by structure     5
 Conf   181 E =    50.09 (  0.001) rejected by structure     8
 Conf   182 E =    54.14 (  0.000) rejected by structure    10
 Conf   183 E =    54.66 (  0.001) rejected by structure    11
 Conf   184 E =    54.66 (  0.001) rejected by structure    11
 Conf   185 E =    40.08 (  0.001) rejected by structure     2
 Conf   186 E =    39.89 (  0.001) rejected by structure     1
 Conf   187 E =    40.08 (  0.001) rejected by structure     2
 Conf   188 E =    54.14 (  0.001) rejected by structure    10
 Conf   189 E =    44.34 (  0.001) rejected by structure     3
 Conf   190 E =    44.42 (  0.001) rejected by structure     4
 Conf   191 E =    39.89 (  0.000) rejected by structure     1
 Conf   192 E =    39.89 (  0.001) rejected by structure     1
 Conf   193 E =    44.34 (  0.001) rejected by structure     3
 Conf   194 E =    50.09 (  0.000) rejected by structure     8
 Conf   195 E =    54.14 (  0.001) rejected by structure    10
 Conf   196 E =    54.66 (  0.000) rejected by structure    11
 Conf   197 E =    54.66 (  0.001) rejected by structure    11
 Conf   198 E =    39.89 (  0.001) rejected by structure     1
 Conf   199 E =    44.34 (  0.001) rejected by structure     3
 Conf   200 E =    44.69 (  0.001) rejected by structure     5
 
Interim report; processing .tmp file:
   13 unique conformations found so far
   13 minimized with good convergence
Found     2 confs within  1.00 kcal/mol ( 4.18 kJ/mol) of glob. min.
Found     7 confs within  2.00 kcal/mol ( 8.37 kJ/mol) of glob. min.
Found    10 confs within  3.00 kcal/mol (12.55 kJ/mol) of glob. min.
Found    13 confs within  5.00 kcal/mol (20.92 kJ/mol) of glob. min.
Global minimum E =     39.89 found    16 times.
  200 steps performed so far, out of   300
 E of low-energy structures above global min [kJ/mol],  and no. times found:
    E:  0.00  0.19  4.45  4.53  4.80  5.27  8.27  9.23 10.20 11.23 12.55 14.25
  No.:    16    18    22    26    18    15    21     5    13     4     8    14
 
 Conf   201 E =    54.66 (  0.000) rejected by structure    13
 Conf   202 E =    44.69 (  0.000) rejected by structure     5
 Conf   203 E =    45.16 (  0.001) rejected by structure     6
 Conf   204 E =    48.17 (  0.000) rejected by structure     7
 Conf   205 E =    49.12 (  0.001) rejected by structure     8
 Conf   206 E =    54.66 (  0.001) rejected by structure    13
 Conf   207 E =    51.12 (  0.001) rejected by structure    10
 Conf   208 E =    48.17 (  0.000) rejected by structure     7
 Conf   209 E =    54.14 (  0.000) rejected by structure    12
 Conf   210 E =    40.08 (  0.000) rejected by structure     2
 Conf   211 E =    44.34 (  0.001) rejected by structure     3
 Conf   212 E =    45.16 (  0.000) rejected by structure     6
 Conf   213 E =    48.17 (  0.001) rejected by structure     7
 Conf   214 E =    44.69 (  0.001) rejected by structure     5
 Conf   215 E =    45.16 (  0.000) rejected by structure     6
 Conf   216 E =    44.42 (  0.000) rejected by structure     4
 Conf   217 E =    44.69 (  0.001) rejected by structure     5
 Conf   218 E =    50.09 (  0.000) rejected by structure     9
 Conf   219 E =    51.12 (  0.000) rejected by structure    10
 Conf   220 E =    49.12 (  0.000) rejected by structure     8
 Conf   221 E =    54.14 (  0.000) rejected by structure    12
 Conf   222 E =    44.42 (  0.001) rejected by structure     4
 Conf   223 E =    44.42 (  0.001) rejected by structure     4
 Conf   224 E =    50.09 (  0.001) rejected by structure     9
 Conf   225 E =    44.34 (  0.001) rejected by structure     3
 Conf   226 E =    44.42 (  0.000) rejected by structure     4
 Conf   227 E =    44.42 (  0.001) rejected by structure     4
 Conf   228 E =    44.69 (  0.001) rejected by structure     5
 Conf   229 E =    40.08 (  0.001) rejected by structure     2
 Conf   230 E =    49.12 (  0.000) rejected by structure     8
 Conf   231 E =    48.17 (  0.001) rejected by structure     7
 Conf   232 E =    44.69 (  0.000) rejected by structure     5
 Conf   233 E =    48.17 (  0.001) rejected by structure     7
 Conf   234 E =    54.14 (  0.000) rejected by structure    12
 Conf   235 E =    40.08 (  0.001) rejected by structure     2
 Conf   236 E =    40.08 (  0.000) rejected by structure     2
 Conf   237 E =    40.08 (  0.001) replaces structure     2
 Conf   238 E =    39.89 (  0.001) rejected by structure     1
 Conf   239 E =    39.89 (  0.001) rejected by structure     1
 Conf   240 E =    44.42 (  0.001) rejected by structure     4
 Conf   241 E =    39.89 (  0.001) rejected by structure     1
 Conf   242 E =    54.66 (  0.001) rejected by structure    13
 Conf   243 E =    39.89 (  0.000) rejected by structure     1
 Conf   244 E =    44.34 (  0.000) rejected by structure     3
 Conf   245 E =    48.17 (  0.001) rejected by structure     7
 Conf   246 E =    44.69 (  0.001) rejected by structure     5
 Conf   247 E =    50.09 (  0.001) rejected by structure     9
 Conf   248 E =    44.34 (  0.001) rejected by structure     3
 Conf   249 E =    40.08 (  0.001) rejected by structure     2
 Conf   250 E =    48.17 (  0.000) rejected by structure     7
 Conf   251 E =    54.14 (  0.001) rejected by structure    12
 Conf   252 E =    40.08 (  0.000) rejected by structure     2
 Conf   253 E =    40.08 (  0.001) rejected by structure     2
 Conf   254 E =    54.66 (  0.000) rejected by structure    13
 Conf   255 E =    44.42 (  0.001) rejected by structure     4
 Conf   256 E =    44.69 (  0.000) rejected by structure     5
 Conf   257 E =    45.16 (  0.001) rejected by structure     6
 Conf   258 E =    49.12 (  0.001) rejected by structure     8
 Conf   259 E =    45.16 (  0.001) rejected by structure     6
 Conf   260 E =    44.34 (  0.000) rejected by structure     3
 Conf   261 E =    45.16 (  0.001) rejected by structure     6
 Conf   262 E =    54.14 (  0.001) rejected by structure    12
 Conf   263 E =    40.08 (  0.001) rejected by structure     2
 Conf   264 E =    40.08 (  0.001) rejected by structure     2
 Conf   265 E =    54.14 (  0.001) rejected by structure    12
 Conf   266 E =    44.69 (  0.000) rejected by structure     5
 Conf   267 E =    40.08 (  0.000) rejected by structure     2
 Conf   268 E =    52.45 (  0.001) rejected by structure    11
 Conf   269 E =    39.89 (  0.000) rejected by structure     1
 Conf   270 E =    54.66 (  0.001) rejected by structure    13
 Conf   271 E =    50.09 (  0.001) rejected by structure     9
 Conf   272 E =    44.69 (  0.000) rejected by structure     5
 Conf   273 E =    44.34 (  0.001) rejected by structure     3
 Conf   274 E =    54.14 (  0.001) rejected by structure    12
 Conf   275 E =    39.89 (  0.001) rejected by structure     1
 Conf   276 E =    45.16 (  0.001) rejected by structure     6
 Conf   277 E =    39.89 (  0.001) rejected by structure     1
 Conf   278 E =    39.89 (  0.001) rejected by structure     1
 Conf   279 E =    44.69 (  0.000) rejected by structure     5
 Conf   280 E =    44.34 (  0.001) rejected by structure     3
 Conf   281 E =    48.17 (  0.001) rejected by structure     7
 Conf   282 E =    44.42 (  0.001) rejected by structure     4
 Conf   283 E =    50.09 (  0.001) rejected by structure     9
 Conf   284 E =    44.34 (  0.001) rejected by structure     3
 Conf   285 E =    51.12 (  0.001) rejected by structure    10
 Conf   286 E =    44.34 (  0.001) rejected by structure     3
 Conf   287 E =    44.42 (  0.001) rejected by structure     4
 Conf   288 E =    45.16 (  0.000) rejected by structure     6
 Conf   289 E =    45.16 (  0.001) rejected by structure     6
 Conf   290 E =    40.08 (  0.001) rejected by structure     2
 Conf   291 E =    39.89 (  0.001) rejected by structure     1
 Conf   292 E =    54.14 (  0.000) rejected by structure    12
 Conf   293 E =    48.17 (  0.000) rejected by structure     7
 Conf   294 E =    45.16 (  0.001) rejected by structure     6
 Conf   295 E =    44.34 (  0.001) rejected by structure     3
 Conf   296 E =    52.45 (  0.001) rejected by structure    11
 Conf   297 E =    40.08 (  0.001) rejected by structure     2
 Conf   298 E =    50.09 (  0.001) rejected by structure     9
 Conf   299 E =    44.69 (  0.001) rejected by structure     5
 Conf   300 E =    54.66 (  0.001) rejected by structure    13
 
Final report; processing .tmp file:
   13 unique conformations found so far
   13 minimized with good convergence
Found     2 confs within  1.00 kcal/mol ( 4.18 kJ/mol) of glob. min.
Found     7 confs within  2.00 kcal/mol ( 8.37 kJ/mol) of glob. min.
Found    10 confs within  3.00 kcal/mol (12.55 kJ/mol) of glob. min.
Found    13 confs within  5.00 kcal/mol (20.92 kJ/mol) of glob. min.
Global minimum E =     39.89 found    25 times.
  300 steps performed so far, out of   300
 E of low-energy structures above global min [kJ/mol],  and no. times found:
    E:  0.00  0.19  4.45  4.53  4.80  5.27  8.27  9.23 10.20 11.23 12.55 14.25
  No.:    25    31    32    35    29    25    30     9    19     7    10    22
 
Input structure with title on the next line is given SerNo:        1
pyrd10.xyz
Auto summary for input structure      1:
 Total number of structures processed =         300
 Conformations with poor convergence marked with a *
 Conformation       1 (    39.89186     kJ/mol) was found    25 times
 Conformation       2 (    40.08060     kJ/mol) was found    31 times
 Conformation       3 (    44.34470     kJ/mol) was found    32 times
 Conformation       4 (    44.41689     kJ/mol) was found    35 times
 Conformation       5 (    44.69224     kJ/mol) was found    29 times
 Conformation       6 (    45.16026     kJ/mol) was found    25 times
 Conformation       7 (    48.16630     kJ/mol) was found    30 times
 Conformation       8 (    49.12014     kJ/mol) was found     9 times
 Conformation       9 (    50.09184     kJ/mol) was found    19 times
 Conformation      10 (    51.11979     kJ/mol) was found     7 times
 Conformation      11 (    52.44549     kJ/mol) was found    10 times
 Conformation      12 (    54.14261     kJ/mol) was found    22 times
 Conformation      13 (    54.66287     kJ/mol) was found    23 times
           *** MC Statistics ***
 Percent of minimized structures within energetic window:   99.00000    
 Average number of duplicates:     22.84615    
 Duplication standard deviation:   9.218154    
         328  structures generated
           0  rejected by ring closure
          29  rejected by van der Waals
         284  duplicate minimised structures
 
BatchMin: normal termination                           06-Aug-2024 21:47:36

real	0m19.204s
user	0m16.923s
sys	0m2.024s
