 
 JobID: compute-0-8-0-66b2e3bb
 BatchMin V13.8    Build  138132  Starting Time 06-Aug-2024 22:02:21
 MacroModel. Copyright Schrodinger, LLC.
 All rights reserved.

 Input filename:  pyrmd1.mae
 Output filename: pyrmd1_out.maegz
 Turning on debug switch          55
 Atom-type file: /share/apps/schrodinger2022-4/mmshare-v6.0/bin/Linux-x86_64/../../data/atom.typ
 No FFLD_OPLS_PRINT license found. Forcefield parameters will not be revealed.
 Force field: /share/apps/schrodinger2022-4/macromodel-v13.8/bin/Linux-x86_64/../../data/f16.fld
 Read    24 atoms. Structure name, if any, appears on next line: 
 pyrmd1.xyz
Low-frequency-Mode Conformational Search.
 Probability of TORS/MOLS steps:   0.5000000    
 Non-conformer Serial Search requested
 Number of steps set to :         300
 Quality of Force Field Parameters in Use:
   Numbers of high, medium and low quality stretch parameters =   24    0    0
   Numbers of high, medium and low quality bend parameters    =   39    0    0
   Numbers of high, medium and low quality torsion parameters =   44    0    0
   Interactions examined:        107 of        107 total, including unused params.
      Stretch total=       24   constrained=        0
         Bend total=       39   constrained=        0        linear=        0
      Torsion total=       50   constrained=        0  out-of-plane=        6
    Nonbonded total=      213      H-bonded=        0      ordinary=      213
  Nonbonded cutoffs: CutVdw=   7.00    ;  CutEs=   12.0    
 Starting conjugate gradient minimization.
          Step     1 New global minimum.  E (kJ/mol) =     -380.07
 Conf     1 E =  -380.07 (  0.001) is unique and stored as structure     1
 Conf     2 E =  -380.07 (  0.001) rejected by structure     1
 Conf     3 E =  -380.07 (  0.001) rejected by structure     1
 Conf     4 E =  -379.82 (  0.001) is unique and stored as structure     2
 Conf     5 E =  -375.40 (  0.001) is unique and stored as structure     3
 Conf     6 E =  -375.40 (  0.001) rejected by structure     3
 Conf     7 E =  -375.40 (  0.001) rejected by structure     3
 Conf     8 E =  -375.40 (  0.001) rejected by structure     3
 Conf     9 E =  -379.82 (  0.001) rejected by structure     2
 Conf    10 E =  -375.40 (  0.001) rejected by structure     3
 Conf    11 E =  -375.40 (  0.001) rejected by structure     3
 Conf    12 E =  -375.95 (  0.000) is unique and stored as structure     4
 Conf    13 E =  -379.82 (  0.001) rejected by structure     2
 Conf    14 E =  -375.95 (  0.001) rejected by structure     4
 Conf    15 E =  -375.95 (  0.001) rejected by structure     4
 Conf    16 E =  -375.95 (  0.001) rejected by structure     4
 Conf    17 E =  -379.82 (  0.000) rejected by structure     2
 Conf    18 E =  -380.07 (  0.001) rejected by structure     1
 Conf    19 E =  -379.82 (  0.001) rejected by structure     2
 Conf    20 E =  -375.40 (  0.001) rejected by structure     3
 Conf    21 E =  -375.95 (  0.001) rejected by structure     4
 Conf    22 E =  -375.40 (  0.001) rejected by structure     3
 Conf    23 E =  -379.82 (  0.001) rejected by structure     2
 Conf    24 E =  -380.07 (  0.001) rejected by structure     1
 Conf    25 E =  -375.40 (  0.001) rejected by structure     3
 Conf    26 E =  -375.95 (  0.001) rejected by structure     4
 Conf    27 E =  -379.82 (  0.001) rejected by structure     2
 Conf    28 E =  -380.07 (  0.001) rejected by structure     1
 Conf    29 E =  -375.40 (  0.001) rejected by structure     3
 Conf    30 E =  -375.95 (  0.001) rejected by structure     4
 Conf    31 E =  -379.82 (  0.001) rejected by structure     2
 Conf    32 E =  -379.82 (  0.001) rejected by structure     2
 Conf    33 E =  -375.40 (  0.001) rejected by structure     3
 Conf    34 E =  -380.07 (  0.001) rejected by structure     1
 Conf    35 E =  -379.82 (  0.001) rejected by structure     2
 Conf    36 E =  -375.95 (  0.001) rejected by structure     4
 Conf    37 E =  -375.95 (  0.001) rejected by structure     4
 Conf    38 E =  -375.40 (  0.001) rejected by structure     3
 Conf    39 E =  -379.82 (  0.001) rejected by structure     2
 Conf    40 E =  -380.07 (  0.001) rejected by structure     1
 Conf    41 E =  -375.40 (  0.000) rejected by structure     3
 Conf    42 E =  -379.82 (  0.001) rejected by structure     2
 Conf    43 E =  -379.82 (  0.001) rejected by structure     2
 Conf    44 E =  -375.40 (  0.001) rejected by structure     3
 Conf    45 E =  -375.40 (  0.001) rejected by structure     3
 Conf    46 E =  -375.40 (  0.001) rejected by structure     3
 Conf    47 E =  -375.40 (  0.001) rejected by structure     3
 Conf    48 E =  -375.95 (  0.001) rejected by structure     4
 Conf    49 E =  -375.40 (  0.001) rejected by structure     3
 Conf    50 E =  -379.82 (  0.001) rejected by structure     2
 Conf    51 E =  -379.82 (  0.001) rejected by structure     2
 Conf    52 E =  -375.40 (  0.001) rejected by structure     3
 Conf    53 E =  -375.40 (  0.001) rejected by structure     3
 Conf    54 E =  -375.40 (  0.001) rejected by structure     3
 Conf    55 E =  -379.82 (  0.001) rejected by structure     2
 Conf    56 E =  -375.40 (  0.001) rejected by structure     3
 Conf    57 E =  -375.40 (  0.000) rejected by structure     3
 Conf    58 E =  -379.82 (  0.000) rejected by structure     2
 Conf    59 E =  -380.07 (  0.001) rejected by structure     1
 Conf    60 E =  -375.95 (  0.001) rejected by structure     4
 Conf    61 E =  -375.40 (  0.001) rejected by structure     3
 Conf    62 E =  -380.07 (  0.001) rejected by structure     1
 Conf    63 E =  -379.82 (  0.001) rejected by structure     2
 Conf    64 E =  -379.82 (  0.001) rejected by structure     2
 Conf    65 E =  -375.40 (  0.001) rejected by structure     3
 Conf    66 E =  -380.07 (  0.001) rejected by structure     1
 Conf    67 E =  -379.82 (  0.000) rejected by structure     2
 Conf    68 E =  -375.95 (  0.001) rejected by structure     4
 Conf    69 E =  -375.40 (  0.001) rejected by structure     3
 Conf    70 E =  -380.07 (  0.001) rejected by structure     1
 Conf    71 E =  -375.40 (  0.001) rejected by structure     3
 Conf    72 E =  -375.95 (  0.001) rejected by structure     4
 Conf    73 E =  -375.40 (  0.001) rejected by structure     3
 Conf    74 E =  -380.07 (  0.001) rejected by structure     1
 Conf    75 E =  -375.95 (  0.001) rejected by structure     4
 Conf    76 E =  -375.95 (  0.001) rejected by structure     4
 Conf    77 E =  -375.95 (  0.001) rejected by structure     4
 Conf    78 E =  -380.07 (  0.001) rejected by structure     1
 Conf    79 E =  -375.40 (  0.001) rejected by structure     3
 Conf    80 E =  -375.95 (  0.001) rejected by structure     4
 Conf    81 E =  -375.40 (  0.001) rejected by structure     3
 Conf    82 E =  -380.07 (  0.001) rejected by structure     1
 Conf    83 E =  -379.82 (  0.001) rejected by structure     2
 Conf    84 E =  -375.95 (  0.001) rejected by structure     4
 Conf    85 E =  -375.40 (  0.000) rejected by structure     3
 Conf    86 E =  -380.07 (  0.001) rejected by structure     1
 Conf    87 E =  -379.82 (  0.001) rejected by structure     2
 Conf    88 E =  -375.95 (  0.001) rejected by structure     4
 Conf    89 E =  -375.40 (  0.001) rejected by structure     3
 Conf    90 E =  -380.07 (  0.001) rejected by structure     1
 Conf    91 E =  -379.82 (  0.001) rejected by structure     2
 Conf    92 E =  -375.95 (  0.001) rejected by structure     4
 Conf    93 E =  -375.95 (  0.001) rejected by structure     4
 Conf    94 E =  -380.07 (  0.001) rejected by structure     1
 Conf    95 E =  -375.40 (  0.001) rejected by structure     3
 Conf    96 E =  -375.40 (  0.001) rejected by structure     3
 Conf    97 E =  -375.40 (  0.001) rejected by structure     3
 Conf    98 E =  -379.82 (  0.001) rejected by structure     2
 Conf    99 E =  -380.07 (  0.000) rejected by structure     1
 Conf   100 E =  -379.82 (  0.001) rejected by structure     2
 
Interim report; processing .tmp file:
    4 unique conformations found so far
    4 minimized with good convergence
Found     3 confs within  1.00 kcal/mol ( 4.18 kJ/mol) of glob. min.
Found     4 confs within  2.00 kcal/mol ( 8.37 kJ/mol) of glob. min.
Global minimum E =   -380.07 found    19 times.
  100 steps performed so far, out of   300
 E of low-energy structures above global min [kJ/mol],  and no. times found:
    E:  0.00  0.24  4.12  4.66
  No.:    19    25    21    35
 
 Conf   101 E =  -375.40 (  0.000) rejected by structure     4
 Conf   102 E =  -375.95 (  0.001) rejected by structure     3
 Conf   103 E =  -379.82 (  0.001) rejected by structure     2
 Conf   104 E =  -375.40 (  0.001) rejected by structure     4
 Conf   105 E =  -375.95 (  0.001) rejected by structure     3
 Conf   106 E =  -375.40 (  0.001) rejected by structure     4
 Conf   107 E =  -379.82 (  0.000) rejected by structure     2
 Conf   108 E =  -375.95 (  0.001) rejected by structure     3
 Conf   109 E =  -375.40 (  0.001) rejected by structure     4
 Conf   110 E =  -380.07 (  0.001) rejected by structure     1
 Conf   111 E =  -379.82 (  0.001) rejected by structure     2
 Conf   112 E =  -375.95 (  0.001) rejected by structure     3
 Conf   113 E =  -375.40 (  0.001) rejected by structure     4
 Conf   114 E =  -380.07 (  0.001) rejected by structure     1
 Conf   115 E =  -379.82 (  0.001) rejected by structure     2
 Conf   116 E =  -375.95 (  0.001) rejected by structure     3
 Conf   117 E =  -375.40 (  0.001) rejected by structure     4
 Conf   118 E =  -379.82 (  0.001) rejected by structure     2
 Conf   119 E =  -379.82 (  0.001) rejected by structure     2
 Conf   120 E =  -375.40 (  0.001) rejected by structure     4
 Conf   121 E =  -379.82 (  0.001) rejected by structure     2
 Conf   122 E =  -380.07 (  0.001) rejected by structure     1
 Conf   123 E =  -375.40 (  0.000) rejected by structure     4
 Conf   124 E =  -375.40 (  0.001) rejected by structure     4
 Conf   125 E =  -375.40 (  0.001) rejected by structure     4
 Conf   126 E =  -375.40 (  0.001) rejected by structure     4
 Conf   127 E =  -380.07 (  0.001) rejected by structure     1
 Conf   128 E =  -375.95 (  0.001) rejected by structure     3
 Conf   129 E =  -379.82 (  0.001) rejected by structure     2
 Conf   130 E =  -380.07 (  0.001) rejected by structure     1
 Conf   131 E =  -380.07 (  0.001) rejected by structure     1
 Conf   132 E =  -375.95 (  0.001) rejected by structure     3
 Conf   133 E =  -379.82 (  0.001) rejected by structure     2
 Conf   134 E =  -380.07 (  0.001) rejected by structure     1
 Conf   135 E =  -379.82 (  0.001) rejected by structure     2
 Conf   136 E =  -379.82 (  0.001) rejected by structure     2
 Conf   137 E =  -379.82 (  0.001) rejected by structure     2
 Conf   138 E =  -380.07 (  0.001) rejected by structure     1
 Conf   139 E =  -375.40 (  0.000) rejected by structure     4
 Conf   140 E =  -375.40 (  0.001) rejected by structure     4
 Conf   141 E =  -375.40 (  0.001) rejected by structure     4
 Conf   142 E =  -375.40 (  0.001) rejected by structure     4
 Conf   143 E =  -380.07 (  0.001) rejected by structure     1
 Conf   144 E =  -375.95 (  0.001) rejected by structure     3
 Conf   145 E =  -380.07 (  0.001) rejected by structure     1
 Conf   146 E =  -379.82 (  0.001) rejected by structure     2
 Conf   147 E =  -375.40 (  0.001) rejected by structure     4
 Conf   148 E =  -379.82 (  0.001) rejected by structure     2
 Conf   149 E =  -375.40 (  0.001) rejected by structure     4
 Conf   150 E =  -380.07 (  0.001) rejected by structure     1
 Conf   151 E =  -379.82 (  0.000) rejected by structure     2
 Conf   152 E =  -380.07 (  0.001) rejected by structure     1
 Conf   153 E =  -375.40 (  0.001) rejected by structure     4
 Conf   154 E =  -380.07 (  0.000) rejected by structure     1
 Conf   155 E =  -375.40 (  0.001) rejected by structure     4
 Conf   156 E =  -375.95 (  0.001) rejected by structure     3
 Conf   157 E =  -375.95 (  0.001) rejected by structure     3
 Conf   158 E =  -375.95 (  0.001) rejected by structure     3
 Conf   159 E =  -375.40 (  0.001) rejected by structure     4
 Conf   160 E =  -375.95 (  0.001) rejected by structure     3
 Conf   161 E =  -375.40 (  0.001) rejected by structure     4
 Conf   162 E =  -375.95 (  0.001) rejected by structure     3
 Conf   163 E =  -379.82 (  0.001) rejected by structure     2
 Conf   164 E =  -375.95 (  0.001) rejected by structure     3
 Conf   165 E =  -375.40 (  0.001) rejected by structure     4
 Conf   166 E =  -375.95 (  0.001) rejected by structure     3
 Conf   167 E =  -379.82 (  0.001) rejected by structure     2
 Conf   168 E =  -375.95 (  0.001) rejected by structure     3
 Conf   169 E =  -375.40 (  0.001) rejected by structure     4
 Conf   170 E =  -379.82 (  0.001) rejected by structure     2
 Conf   171 E =  -379.82 (  0.001) rejected by structure     2
 Conf   172 E =  -379.82 (  0.001) rejected by structure     2
 Conf   173 E =  -375.40 (  0.000) rejected by structure     4
 Conf   174 E =  -380.07 (  0.001) rejected by structure     1
 Conf   175 E =  -379.82 (  0.001) rejected by structure     2
 Conf   176 E =  -375.95 (  0.001) rejected by structure     3
 Conf   177 E =  -375.40 (  0.001) rejected by structure     4
 Conf   178 E =  -380.07 (  0.001) rejected by structure     1
 Conf   179 E =  -375.40 (  0.001) rejected by structure     4
 Conf   180 E =  -375.95 (  0.001) rejected by structure     3
 Conf   181 E =  -375.40 (  0.001) rejected by structure     4
 Conf   182 E =  -380.07 (  0.001) rejected by structure     1
 Conf   183 E =  -379.82 (  0.001) rejected by structure     2
 Conf   184 E =  -375.95 (  0.001) rejected by structure     3
 Conf   185 E =  -379.82 (  0.001) rejected by structure     2
 Conf   186 E =  -375.95 (  0.001) rejected by structure     3
 Conf   187 E =  -379.82 (  0.001) rejected by structure     2
 Conf   188 E =  -375.95 (  0.001) rejected by structure     3
 Conf   189 E =  -380.07 (  0.001) rejected by structure     1
 Conf   190 E =  -375.40 (  0.001) rejected by structure     4
 Conf   191 E =  -380.07 (  0.001) rejected by structure     1
 Conf   192 E =  -375.95 (  0.001) rejected by structure     3
 Conf   193 E =  -379.82 (  0.001) rejected by structure     2
 Conf   194 E =  -375.40 (  0.000) rejected by structure     4
 Conf   195 E =  -379.82 (  0.001) rejected by structure     2
 Conf   196 E =  -375.95 (  0.001) rejected by structure     3
 Conf   197 E =  -375.40 (  0.001) rejected by structure     4
 Conf   198 E =  -379.82 (  0.001) rejected by structure     2
 Conf   199 E =  -379.82 (  0.001) rejected by structure     2
 Conf   200 E =  -375.40 (  0.001) rejected by structure     4
 
Interim report; processing .tmp file:
    4 unique conformations found so far
    4 minimized with good convergence
Found     3 confs within  1.00 kcal/mol ( 4.18 kJ/mol) of glob. min.
Found     4 confs within  2.00 kcal/mol ( 8.37 kJ/mol) of glob. min.
Global minimum E =   -380.07 found    37 times.
  200 steps performed so far, out of   300
 E of low-energy structures above global min [kJ/mol],  and no. times found:
    E:  0.00  0.24  4.12  4.66
  No.:    37    53    44    66
 
 Conf   201 E =  -375.40 (  0.000) rejected by structure     4
 Conf   202 E =  -379.82 (  0.001) rejected by structure     2
 Conf   203 E =  -379.82 (  0.001) rejected by structure     2
 Conf   204 E =  -375.95 (  0.001) rejected by structure     3
 Conf   205 E =  -375.40 (  0.001) rejected by structure     4
 Conf   206 E =  -380.07 (  0.001) rejected by structure     1
 Conf   207 E =  -375.95 (  0.001) rejected by structure     3
 Conf   208 E =  -375.95 (  0.001) rejected by structure     3
 Conf   209 E =  -379.82 (  0.001) rejected by structure     2
 Conf   210 E =  -379.82 (  0.001) rejected by structure     2
 Conf   211 E =  -379.82 (  0.001) rejected by structure     2
 Conf   212 E =  -375.40 (  0.001) rejected by structure     4
 Conf   213 E =  -375.40 (  0.001) rejected by structure     4
 Conf   214 E =  -379.82 (  0.001) rejected by structure     2
 Conf   215 E =  -379.82 (  0.001) rejected by structure     2
 Conf   216 E =  -380.07 (  0.001) rejected by structure     1
 Conf   217 E =  -375.40 (  0.001) rejected by structure     4
 Conf   218 E =  -380.07 (  0.001) rejected by structure     1
 Conf   219 E =  -379.82 (  0.001) rejected by structure     2
 Conf   220 E =  -375.95 (  0.001) rejected by structure     3
 Conf   221 E =  -375.40 (  0.001) rejected by structure     4
 Conf   222 E =  -379.82 (  0.001) rejected by structure     2
 Conf   223 E =  -379.82 (  0.001) rejected by structure     2
 Conf   224 E =  -375.95 (  0.001) rejected by structure     3
 Conf   225 E =  -375.95 (  0.001) rejected by structure     3
 Conf   226 E =  -380.07 (  0.001) rejected by structure     1
 Conf   227 E =  -380.07 (  0.001) rejected by structure     1
 Conf   228 E =  -375.95 (  0.001) rejected by structure     3
 Conf   229 E =  -379.82 (  0.001) rejected by structure     2
 Conf   230 E =  -379.82 (  0.001) rejected by structure     2
 Conf   231 E =  -380.07 (  0.001) rejected by structure     1
 Conf   232 E =  -375.95 (  0.000) rejected by structure     3
 Conf   233 E =  -380.07 (  0.001) rejected by structure     1
 Conf   234 E =  -380.07 (  0.001) rejected by structure     1
 Conf   235 E =  -380.07 (  0.001) rejected by structure     1
 Conf   236 E =  -375.40 (  0.001) rejected by structure     4
 Conf   237 E =  -375.40 (  0.001) rejected by structure     4
 Conf   238 E =  -379.82 (  0.001) rejected by structure     2
 Conf   239 E =  -379.82 (  0.001) rejected by structure     2
 Conf   240 E =  -375.95 (  0.001) rejected by structure     3
 Conf   241 E =  -375.40 (  0.001) rejected by structure     4
 Conf   242 E =  -379.82 (  0.001) rejected by structure     2
 Conf   243 E =  -375.40 (  0.001) rejected by structure     4
 Conf   244 E =  -375.95 (  0.001) rejected by structure     3
 Conf   245 E =  -379.82 (  0.000) rejected by structure     2
 Conf   246 E =  -379.82 (  0.001) rejected by structure     2
 Conf   247 E =  -375.40 (  0.001) rejected by structure     4
 Conf   248 E =  -375.95 (  0.001) rejected by structure     3
 Conf   249 E =  -375.40 (  0.001) rejected by structure     4
 Conf   250 E =  -379.82 (  0.000) rejected by structure     2
 Conf   251 E =  -379.82 (  0.001) rejected by structure     2
 Conf   252 E =  -375.40 (  0.001) rejected by structure     4
 Conf   253 E =  -375.95 (  0.001) rejected by structure     3
 Conf   254 E =  -380.07 (  0.001) rejected by structure     1
 Conf   255 E =  -379.82 (  0.001) rejected by structure     2
 Conf   256 E =  -380.07 (  0.001) rejected by structure     1
 Conf   257 E =  -375.40 (  0.001) rejected by structure     4
 Conf   258 E =  -380.07 (  0.001) rejected by structure     1
 Conf   259 E =  -379.82 (  0.001) rejected by structure     2
 Conf   260 E =  -380.07 (  0.001) rejected by structure     1
 Conf   261 E =  -375.95 (  0.001) rejected by structure     3
 Conf   262 E =  -380.07 (  0.001) rejected by structure     1
 Conf   263 E =  -375.40 (  0.001) rejected by structure     4
 Conf   264 E =  -375.95 (  0.001) rejected by structure     3
 Conf   265 E =  -375.40 (  0.001) rejected by structure     4
 Conf   266 E =  -375.95 (  0.001) rejected by structure     3
 Conf   267 E =  -379.82 (  0.001) rejected by structure     2
 Conf   268 E =  -375.95 (  0.001) rejected by structure     3
 Conf   269 E =  -375.40 (  0.001) rejected by structure     4
 Conf   270 E =  -379.82 (  0.001) rejected by structure     2
 Conf   271 E =  -375.95 (  0.001) rejected by structure     3
 Conf   272 E =  -375.40 (  0.001) rejected by structure     4
 Conf   273 E =  -375.95 (  0.001) rejected by structure     3
 Conf   274 E =  -380.07 (  0.001) rejected by structure     1
 Conf   275 E =  -379.82 (  0.001) rejected by structure     2
 Conf   276 E =  -380.07 (  0.001) rejected by structure     1
 Conf   277 E =  -379.82 (  0.000) rejected by structure     2
 Conf   278 E =  -380.07 (  0.001) rejected by structure     1
 Conf   279 E =  -379.82 (  0.001) rejected by structure     2
 Conf   280 E =  -375.40 (  0.001) rejected by structure     4
 Conf   281 E =  -375.40 (  0.001) rejected by structure     4
 Conf   282 E =  -380.07 (  0.001) rejected by structure     1
 Conf   283 E =  -379.82 (  0.000) rejected by structure     2
 Conf   284 E =  -375.40 (  0.001) rejected by structure     4
 Conf   285 E =  -375.40 (  0.001) rejected by structure     4
 Conf   286 E =  -375.40 (  0.001) rejected by structure     4
 Conf   287 E =  -375.95 (  0.001) rejected by structure     3
 Conf   288 E =  -375.40 (  0.001) rejected by structure     4
 Conf   289 E =  -375.40 (  0.001) rejected by structure     4
 Conf   290 E =  -375.95 (  0.001) rejected by structure     3
 Conf   291 E =  -375.40 (  0.001) rejected by structure     4
 Conf   292 E =  -375.40 (  0.001) rejected by structure     4
 Conf   293 E =  -379.82 (  0.001) rejected by structure     2
 Conf   294 E =  -380.07 (  0.001) rejected by structure     1
 Conf   295 E =  -379.82 (  0.001) rejected by structure     2
 Conf   296 E =  -380.07 (  0.001) rejected by structure     1
 Conf   297 E =  -375.40 (  0.001) rejected by structure     4
 Conf   298 E =  -375.40 (  0.001) rejected by structure     4
 Conf   299 E =  -379.82 (  0.001) rejected by structure     2
 Conf   300 E =  -380.07 (  0.001) rejected by structure     1
 
Final report; processing .tmp file:
    4 unique conformations found so far
    4 minimized with good convergence
Found     3 confs within  1.00 kcal/mol ( 4.18 kJ/mol) of glob. min.
Found     4 confs within  2.00 kcal/mol ( 8.37 kJ/mol) of glob. min.
Global minimum E =   -380.07 found    58 times.
  300 steps performed so far, out of   300
 E of low-energy structures above global min [kJ/mol],  and no. times found:
    E:  0.00  0.24  4.12  4.66
  No.:    58    83    64    95
 
Input structure with title on the next line is given SerNo:        1
pyrmd1.xyz
Auto summary for input structure      1:
 Total number of structures processed =         300
 Conformations with poor convergence marked with a *
 Conformation       1 (   -380.0657     kJ/mol) was found    58 times
 Conformation       2 (   -379.8229     kJ/mol) was found    83 times
 Conformation       3 (   -375.9464     kJ/mol) was found    64 times
 Conformation       4 (   -375.4018     kJ/mol) was found    95 times
           *** MC Statistics ***
 Percent of minimized structures within energetic window:   100.0000    
 Average number of duplicates:     75.00000    
 Duplication standard deviation:   17.06849    
         313  structures generated
           0  rejected by ring closure
          14  rejected by van der Waals
         296  duplicate minimised structures
 
BatchMin: normal termination                           06-Aug-2024 22:02:53

real	0m33.080s
user	0m29.210s
sys	0m3.777s
