 
 JobID: compute-0-8-0-66b2e38a
 BatchMin V13.8    Build  138132  Starting Time 06-Aug-2024 22:01:33
 MacroModel. Copyright Schrodinger, LLC.
 All rights reserved.

 Input filename:  pyrd9.mae
 Output filename: pyrd9_out.maegz
 Turning on debug switch          55
 Atom-type file: /share/apps/schrodinger2022-4/mmshare-v6.0/bin/Linux-x86_64/../../data/atom.typ
 No FFLD_OPLS_PRINT license found. Forcefield parameters will not be revealed.
 Force field: /share/apps/schrodinger2022-4/macromodel-v13.8/bin/Linux-x86_64/../../data/f16.fld
 Read    17 atoms. Structure name, if any, appears on next line: 
 pyrd9.xyz
Low-frequency-Mode Conformational Search.
 Probability of TORS/MOLS steps:   0.5000000    
 Non-conformer Serial Search requested
 Number of steps set to :           1
 Quality of Force Field Parameters in Use:
   Numbers of high, medium and low quality stretch parameters =   18    0    0
   Numbers of high, medium and low quality bend parameters    =   29    0    0
   Numbers of high, medium and low quality torsion parameters =   38    0    0
   Interactions examined:         85 of         85 total, including unused params.
      Stretch total=       18   constrained=        0
         Bend total=       29   constrained=        0        linear=        0
      Torsion total=       45   constrained=        0  out-of-plane=        7
    Nonbonded total=       89      H-bonded=        0      ordinary=       89
  Nonbonded cutoffs: CutVdw=   7.00    ;  CutEs=   12.0    
 Starting conjugate gradient minimization.
          Step     1 New global minimum.  E (kJ/mol) =      -34.21
 Conf     1 E =   -34.21 (  0.000) is unique and stored as structure     1
 
Final report; processing .tmp file:
    1 unique conformations found so far
    1 minimized with good convergence
Found     1 confs within  1.00 kcal/mol ( 4.18 kJ/mol) of glob. min.
Global minimum E =    -34.21 found     1 times.
    1 steps performed so far, out of     1
 E of low-energy structures above global min [kJ/mol],  and no. times found:
    E:  0.00
  No.:     1
 
Input structure with title on the next line is given SerNo:        1
pyrd9.xyz
Auto summary for input structure      1:
 Total number of structures processed =           1
 Conformations with poor convergence marked with a *
 Conformation       1 (   -34.20523     kJ/mol) was found     1 times
           *** MC Statistics ***
 Percent of minimized structures within energetic window:   100.0000    
 Average number of duplicates:     1.000000    
 Duplication standard deviation:  0.0000000E+00
           0  structures generated
           0  rejected by ring closure
           0  rejected by van der Waals
           0  duplicate minimised structures
 
BatchMin: normal termination                           06-Aug-2024 22:01:36

real	0m4.751s
user	0m4.110s
sys	0m0.467s
