 
 JobID: compute-0-8-0-66b2e4de
 BatchMin V13.8    Build  138132  Starting Time 06-Aug-2024 22:07:12
 MacroModel. Copyright Schrodinger, LLC.
 All rights reserved.

 Input filename:  pyrz3.mae
 Output filename: pyrz3_out.maegz
 Turning on debug switch          55
 Atom-type file: /share/apps/schrodinger2022-4/mmshare-v6.0/bin/Linux-x86_64/../../data/atom.typ
 No FFLD_OPLS_PRINT license found. Forcefield parameters will not be revealed.
 Force field: /share/apps/schrodinger2022-4/macromodel-v13.8/bin/Linux-x86_64/../../data/f16.fld
 Read    19 atoms. Structure name, if any, appears on next line: 
 pyrz3.xyz
Low-frequency-Mode Conformational Search.
 Probability of TORS/MOLS steps:   0.5000000    
 Non-conformer Serial Search requested
 Number of steps set to :         100
 Quality of Force Field Parameters in Use:
   Numbers of high, medium and low quality stretch parameters =   19    0    0
   Numbers of high, medium and low quality bend parameters    =   30    0    0
   Numbers of high, medium and low quality torsion parameters =   31    0    0
   Interactions examined:         80 of         80 total, including unused params.
      Stretch total=       19   constrained=        0
         Bend total=       30   constrained=        0        linear=        0
      Torsion total=       36   constrained=        0  out-of-plane=        5
    Nonbonded total=      122      H-bonded=        0      ordinary=      122
  Nonbonded cutoffs: CutVdw=   7.00    ;  CutEs=   12.0    
 Starting conjugate gradient minimization.
          Step     1 New global minimum.  E (kJ/mol) =        1.89
 Conf     1 E =     1.89 (  0.001) is unique and stored as structure     1
 Conf     2 E =     1.89 (  0.001) rejected by structure     1
 Conf     3 E =     1.89 (  0.001) rejected by structure     1
          Step     4 New global minimum.  E (kJ/mol) =        1.89
 Conf     4 E =     1.89 (  0.001) replaces structure     1
 Conf     5 E =     1.89 (  0.001) rejected by structure     1
 Conf     6 E =     1.89 (  0.001) rejected by structure     1
 Conf     7 E =     1.89 (  0.001) rejected by structure     1
 Conf     8 E =     1.89 (  0.001) rejected by structure     1
          Step     9 New global minimum.  E (kJ/mol) =       -1.20
 Conf     9 E =    -1.20 (  0.001) is unique and stored as structure     2
 Conf    10 E =     1.89 (  0.001) rejected by structure     1
 Conf    11 E =    -1.20 (  0.001) rejected by structure     2
 Conf    12 E =    -1.20 (  0.001) rejected by structure     2
 Conf    13 E =     1.89 (  0.001) rejected by structure     1
 Conf    14 E =    -1.20 (  0.001) rejected by structure     2
 Conf    15 E =     1.89 (  0.001) rejected by structure     1
 Conf    16 E =    -1.20 (  0.001) rejected by structure     2
 Conf    17 E =    -1.20 (  0.001) rejected by structure     2
          Step    18 New global minimum.  E (kJ/mol) =       -1.20
 Conf    18 E =    -1.20 (  0.001) replaces structure     2
 Conf    19 E =     1.89 (  0.001) rejected by structure     1
 Conf    20 E =     1.89 (  0.001) rejected by structure     1
 Conf    21 E =    -1.20 (  0.001) rejected by structure     2
 Conf    22 E =     1.89 (  0.001) rejected by structure     1
 Conf    23 E =    -1.20 (  0.001) rejected by structure     2
 Conf    24 E =    -1.20 (  0.001) rejected by structure     2
 Conf    25 E =    -1.20 (  0.001) rejected by structure     2
 Conf    26 E =    -1.20 (  0.001) rejected by structure     2
 Conf    27 E =     1.89 (  0.001) rejected by structure     1
 Conf    28 E =    -1.20 (  0.001) rejected by structure     2
 Conf    29 E =     1.89 (  0.001) rejected by structure     1
 Conf    30 E =    -1.20 (  0.001) rejected by structure     2
          Step    31 New global minimum.  E (kJ/mol) =       -1.20
 Conf    31 E =    -1.20 (  0.001) replaces structure     2
 Conf    32 E =    -1.20 (  0.001) rejected by structure     2
 Conf    33 E =    -1.20 (  0.001) rejected by structure     2
 Conf    34 E =    -1.20 (  0.001) rejected by structure     2
 Conf    35 E =     1.89 (  0.001) rejected by structure     1
 Conf    36 E =    -1.20 (  0.001) rejected by structure     2
 Conf    37 E =    -1.20 (  0.001) rejected by structure     2
 Conf    38 E =     1.89 (  0.001) rejected by structure     1
 Conf    39 E =     1.89 (  0.001) rejected by structure     1
 Conf    40 E =    -1.20 (  0.001) rejected by structure     2
 Conf    41 E =    -1.20 (  0.001) rejected by structure     2
 Conf    42 E =     1.89 (  0.001) rejected by structure     1
 Conf    43 E =     1.89 (  0.001) rejected by structure     1
 Conf    44 E =    -1.20 (  0.001) rejected by structure     2
 Conf    45 E =    -1.20 (  0.001) rejected by structure     2
 Conf    46 E =    -1.20 (  0.001) rejected by structure     2
 Conf    47 E =     1.89 (  0.001) rejected by structure     1
 Conf    48 E =     1.89 (  0.001) rejected by structure     1
 Conf    49 E =     1.89 (  0.001) rejected by structure     1
 Conf    50 E =    -1.20 (  0.001) rejected by structure     2
 Conf    51 E =     1.89 (  0.001) rejected by structure     1
 Conf    52 E =     1.89 (  0.001) rejected by structure     1
 Conf    53 E =    -1.20 (  0.001) rejected by structure     2
 Conf    54 E =    -1.20 (  0.001) rejected by structure     2
 Conf    55 E =    -1.20 (  0.001) rejected by structure     2
 Conf    56 E =    -1.20 (  0.001) rejected by structure     2
 Conf    57 E =     1.89 (  0.001) rejected by structure     1
 Conf    58 E =    -1.20 (  0.001) rejected by structure     2
 Conf    59 E =    -1.20 (  0.001) rejected by structure     2
 Conf    60 E =    -1.20 (  0.001) rejected by structure     2
 Conf    61 E =     1.89 (  0.001) rejected by structure     1
 Conf    62 E =     1.89 (  0.001) rejected by structure     1
 Conf    63 E =     1.89 (  0.001) rejected by structure     1
 Conf    64 E =    -1.20 (  0.001) rejected by structure     2
 Conf    65 E =    -1.20 (  0.001) rejected by structure     2
 Conf    66 E =    -1.20 (  0.001) rejected by structure     2
 Conf    67 E =    -1.20 (  0.001) rejected by structure     2
 Conf    68 E =    -1.20 (  0.001) rejected by structure     2
 Conf    69 E =     1.89 (  0.001) rejected by structure     1
 Conf    70 E =    -1.20 (  0.001) rejected by structure     2
 Conf    71 E =     1.89 (  0.001) rejected by structure     1
 Conf    72 E =    -1.20 (  0.001) rejected by structure     2
 Conf    73 E =     1.89 (  0.000) rejected by structure     1
 Conf    74 E =     1.89 (  0.001) rejected by structure     1
 Conf    75 E =     1.89 (  0.001) rejected by structure     1
 Conf    76 E =     1.89 (  0.001) rejected by structure     1
 Conf    77 E =    -1.20 (  0.001) rejected by structure     2
 Conf    78 E =    -1.20 (  0.001) rejected by structure     2
 Conf    79 E =     1.89 (  0.001) rejected by structure     1
 Conf    80 E =     1.89 (  0.001) rejected by structure     1
 Conf    81 E =     1.89 (  0.001) rejected by structure     1
 Conf    82 E =     1.89 (  0.001) rejected by structure     1
 Conf    83 E =     1.89 (  0.001) rejected by structure     1
 Conf    84 E =    -1.20 (  0.001) rejected by structure     2
 Conf    85 E =     1.89 (  0.001) rejected by structure     1
 Conf    86 E =    -1.20 (  0.001) rejected by structure     2
 Conf    87 E =     1.89 (  0.001) rejected by structure     1
 Conf    88 E =     1.89 (  0.001) rejected by structure     1
 Conf    89 E =     1.89 (  0.001) rejected by structure     1
 Conf    90 E =    45.57 (  0.001) rejected by TORC      8     7     6     9
 Conf    91 E =   288.27 (  0.001) rejected by energy
 Conf    92 E =    -1.20 (  0.001) rejected by structure     2
 Conf    93 E =     1.89 (  0.000) rejected by structure     1
 Conf    94 E =     1.89 (  0.001) rejected by structure     1
 Conf    95 E =    -1.20 (  0.001) rejected by structure     2
 Conf    96 E =    -1.20 (  0.001) rejected by structure     2
 Conf    97 E =    -1.20 (  0.001) rejected by structure     2
 Conf    98 E =    -1.20 (  0.001) rejected by structure     2
 Conf    99 E =    -1.20 (  0.001) rejected by structure     2
 Conf   100 E =     1.89 (  0.001) rejected by structure     1
 
Final report; processing .tmp file:
    2 unique conformations found so far
    2 minimized with good convergence
Found     2 confs within  1.00 kcal/mol ( 4.18 kJ/mol) of glob. min.
Global minimum E =     -1.20 found    50 times.
  100 steps performed so far, out of   100
 E of low-energy structures above global min [kJ/mol],  and no. times found:
    E:  0.00  3.10
  No.:    50    48
 
Input structure with title on the next line is given SerNo:        1
pyrz3.xyz
Auto summary for input structure      1:
 Total number of structures processed =         100
 Conformations with poor convergence marked with a *
 Conformation       1 (   -1.200792     kJ/mol) was found    50 times
 Conformation       2 (    1.894256     kJ/mol) was found    48 times
           *** MC Statistics ***
 Percent of minimized structures within energetic window:   98.00000    
 Average number of duplicates:     49.00000    
 Duplication standard deviation:   1.414214    
         105  structures generated
           0  rejected by ring closure
           6  rejected by van der Waals
          96  duplicate minimised structures
 
BatchMin: normal termination                           06-Aug-2024 22:07:22

real	0m11.609s
user	0m10.036s
sys	0m1.474s
