 
 JobID: compute-0-8-0-66b2e49a
 BatchMin V13.8    Build  138132  Starting Time 06-Aug-2024 22:06:04
 MacroModel. Copyright Schrodinger, LLC.
 All rights reserved.

 Input filename:  pyrz2.mae
 Output filename: pyrz2_out.maegz
 Turning on debug switch          55
 Atom-type file: /share/apps/schrodinger2022-4/mmshare-v6.0/bin/Linux-x86_64/../../data/atom.typ
 No FFLD_OPLS_PRINT license found. Forcefield parameters will not be revealed.
 Force field: /share/apps/schrodinger2022-4/macromodel-v13.8/bin/Linux-x86_64/../../data/f16.fld
 Read    21 atoms. Structure name, if any, appears on next line: 
 pyrz2.xyz
Low-frequency-Mode Conformational Search.
 Probability of TORS/MOLS steps:   0.5000000    
 Non-conformer Serial Search requested
 Number of steps set to :         200
 Quality of Force Field Parameters in Use:
   Numbers of high, medium and low quality stretch parameters =   21    0    0
   Numbers of high, medium and low quality bend parameters    =   33    0    0
   Numbers of high, medium and low quality torsion parameters =   35    0    0
   Interactions examined:         89 of         89 total, including unused params.
      Stretch total=       21   constrained=        0
         Bend total=       33   constrained=        0        linear=        0
      Torsion total=       41   constrained=        0  out-of-plane=        6
    Nonbonded total=      156      H-bonded=        0      ordinary=      156
  Nonbonded cutoffs: CutVdw=   7.00    ;  CutEs=   12.0    
 Starting conjugate gradient minimization.
          Step     1 New global minimum.  E (kJ/mol) =     -135.30
 Conf     1 E =  -135.30 (  0.001) is unique and stored as structure     1
 Conf     2 E =  -135.30 (  0.001) rejected by structure     1
 Conf     3 E =  -135.30 (  0.001) rejected by structure     1
 Conf     4 E =  -135.30 (  0.000) rejected by structure     1
 Conf     5 E =  -135.30 (  0.001) rejected by structure     1
 Conf     6 E =  -135.30 (  0.001) rejected by structure     1
 Conf     7 E =  -135.30 (  0.001) rejected by structure     1
 Conf     8 E =  -135.30 (  0.001) rejected by structure     1
 Conf     9 E =  -135.30 (  0.001) rejected by structure     1
 Conf    10 E =  -135.30 (  0.001) rejected by structure     1
 Conf    11 E =  -135.30 (  0.001) rejected by structure     1
 Conf    12 E =  -118.83 (  0.001) is unique and stored as structure     2
 Conf    13 E =  -118.83 (  0.001) rejected by structure     2
 Conf    14 E =  -118.83 (  0.001) rejected by structure     2
 Conf    15 E =  -118.83 (  0.001) replaces structure     2
 Conf    16 E =  -118.83 (  0.001) rejected by structure     2
 Conf    17 E =  -118.83 (  0.001) rejected by structure     2
 Conf    18 E =  -135.30 (  0.001) rejected by structure     1
 Conf    19 E =  -118.83 (  0.001) rejected by structure     2
 Conf    20 E =  -135.30 (  0.001) rejected by structure     1
 Conf    21 E =  -118.83 (  0.001) rejected by structure     2
 Conf    22 E =  -118.83 (  0.001) rejected by structure     2
 Conf    23 E =  -118.83 (  0.001) rejected by structure     2
 Conf    24 E =  -135.30 (  0.001) rejected by structure     1
 Conf    25 E =  -135.30 (  0.001) rejected by structure     1
 Conf    26 E =  -135.30 (  0.000) rejected by structure     1
 Conf    27 E =  -118.83 (  0.001) rejected by structure     2
 Conf    28 E =  -135.30 (  0.001) rejected by structure     1
 Conf    29 E =  -118.83 (  0.001) rejected by structure     2
 Conf    30 E =  -118.83 (  0.001) rejected by structure     2
 Conf    31 E =  -135.30 (  0.001) rejected by structure     1
 Conf    32 E =  -135.30 (  0.001) rejected by structure     1
 Conf    33 E =  -118.83 (  0.001) rejected by structure     2
 Conf    34 E =  -135.30 (  0.001) rejected by structure     1
 Conf    35 E =  -118.83 (  0.001) rejected by structure     2
 Conf    36 E =  -135.30 (  0.001) rejected by structure     1
 Conf    37 E =  -118.83 (  0.001) rejected by structure     2
 Conf    38 E =   409.36 (  0.001) rejected by energy
 Conf    39 E =  -118.83 (  0.001) rejected by structure     2
 Conf    40 E =  -135.30 (  0.001) rejected by structure     1
 Conf    41 E =  -118.83 (  0.001) rejected by structure     2
 Conf    42 E =  -135.30 (  0.001) rejected by structure     1
 Conf    43 E =  -118.83 (  0.001) rejected by structure     2
 Conf    44 E =  -135.30 (  0.001) rejected by structure     1
 Conf    45 E =  -135.30 (  0.001) rejected by structure     1
 Conf    46 E =  -135.30 (  0.000) rejected by structure     1
 Conf    47 E =  -118.83 (  0.001) rejected by structure     2
 Conf    48 E =  -135.30 (  0.001) rejected by structure     1
 Conf    49 E =  -118.83 (  0.001) rejected by structure     2
 Conf    50 E =  -135.30 (  0.001) rejected by structure     1
 Conf    51 E =  -118.83 (  0.001) rejected by structure     2
 Conf    52 E =  -135.30 (  0.001) rejected by structure     1
 Conf    53 E =  -118.83 (  0.001) rejected by structure     2
 Conf    54 E =  -135.30 (  0.001) rejected by structure     1
 Conf    55 E =  -118.83 (  0.001) rejected by structure     2
 Conf    56 E =  -118.83 (  0.001) rejected by structure     2
 Conf    57 E =  -118.83 (  0.001) rejected by structure     2
 Conf    58 E =   -85.70 (  0.001) rejected by TORC      9     8     7    10
 Conf    59 E =  -135.30 (  0.001) rejected by structure     1
 Conf    60 E =  -135.30 (  0.001) rejected by structure     1
 Conf    61 E =  -118.83 (  0.001) rejected by structure     2
 Conf    62 E =  -135.30 (  0.001) rejected by structure     1
 Conf    63 E =  -118.83 (  0.001) rejected by structure     2
 Conf    64 E =  -135.30 (  0.001) rejected by structure     1
 Conf    65 E =  -118.83 (  0.001) rejected by structure     2
 Conf    66 E =   -85.70 (  0.001) rejected by TORC      9     8     7    10
 Conf    67 E =  -118.83 (  0.001) rejected by structure     2
 Conf    68 E =  -135.30 (  0.001) rejected by structure     1
 Conf    69 E =  -118.83 (  0.001) rejected by structure     2
 Conf    70 E =   409.36 (  0.001) rejected by energy
 Conf    71 E =  -118.83 (  0.001) rejected by structure     2
 Conf    72 E =  -118.83 (  0.001) rejected by structure     2
 Conf    73 E =  -118.83 (  0.001) rejected by structure     2
 Conf    74 E =  -118.83 (  0.001) rejected by structure     2
 Conf    75 E =  -118.83 (  0.001) rejected by structure     2
 Conf    76 E =  -118.83 (  0.001) rejected by structure     2
 Conf    77 E =  -118.83 (  0.001) rejected by structure     2
 Conf    78 E =  -135.30 (  0.001) rejected by structure     1
 Conf    79 E =  -135.30 (  0.001) rejected by structure     1
 Conf    80 E =  -118.83 (  0.001) rejected by structure     2
 Conf    81 E =  -118.83 (  0.001) rejected by structure     2
 Conf    82 E =  -118.83 (  0.001) rejected by structure     2
 Conf    83 E =  -118.83 (  0.001) rejected by structure     2
 Conf    84 E =  -135.30 (  0.001) rejected by structure     1
 Conf    85 E =  -135.30 (  0.001) rejected by structure     1
 Conf    86 E =  -135.30 (  0.001) rejected by structure     1
 Conf    87 E =  -118.83 (  0.001) rejected by structure     2
 Conf    88 E =  -135.30 (  0.001) rejected by structure     1
 Conf    89 E =  -118.83 (  0.001) rejected by structure     2
 Conf    90 E =  -118.83 (  0.001) rejected by structure     2
 Conf    91 E =  -118.83 (  0.001) rejected by structure     2
 Conf    92 E =  -118.83 (  0.001) rejected by structure     2
 Conf    93 E =  -135.30 (  0.001) rejected by structure     1
 Conf    94 E =  -135.30 (  0.001) rejected by structure     1
 Conf    95 E =  -118.83 (  0.001) rejected by structure     2
 Conf    96 E =  -135.30 (  0.000) rejected by structure     1
 Conf    97 E =  -135.30 (  0.001) rejected by structure     1
 Conf    98 E =  -135.30 (  0.001) rejected by structure     1
 Conf    99 E =  -118.83 (  0.001) rejected by structure     2
 Conf   100 E =  -135.30 (  0.001) rejected by structure     1
 
Interim report; processing .tmp file:
    2 unique conformations found so far
    2 minimized with good convergence
Found     1 confs within  1.00 kcal/mol ( 4.18 kJ/mol) of glob. min.
Found     2 confs within  5.00 kcal/mol (20.92 kJ/mol) of glob. min.
Global minimum E =   -135.30 found    47 times.
  100 steps performed so far, out of   200
 E of low-energy structures above global min [kJ/mol],  and no. times found:
    E:  0.00 16.47
  No.:    47    49
 
 Conf   101 E =  -118.83 (  0.001) rejected by structure     2
 Conf   102 E =  -118.83 (  0.001) rejected by structure     2
 Conf   103 E =  -118.83 (  0.001) rejected by structure     2
 Conf   104 E =  -135.30 (  0.001) rejected by structure     1
 Conf   105 E =  -118.83 (  0.001) rejected by structure     2
 Conf   106 E =  -135.30 (  0.001) rejected by structure     1
 Conf   107 E =  -118.83 (  0.001) rejected by structure     2
 Conf   108 E =  -135.30 (  0.001) rejected by structure     1
 Conf   109 E =  -118.83 (  0.001) rejected by structure     2
 Conf   110 E =  -135.30 (  0.001) rejected by structure     1
 Conf   111 E =  -135.30 (  0.001) rejected by structure     1
 Conf   112 E =  -135.30 (  0.001) rejected by structure     1
 Conf   113 E =  -118.83 (  0.001) rejected by structure     2
 Conf   114 E =  -135.30 (  0.001) rejected by structure     1
 Conf   115 E =  -118.83 (  0.001) rejected by structure     2
 Conf   116 E =  -135.30 (  0.001) rejected by structure     1
 Conf   117 E =  -118.83 (  0.001) rejected by structure     2
 Conf   118 E =  -135.30 (  0.001) rejected by structure     1
 Conf   119 E =  -135.30 (  0.000) rejected by structure     1
 Conf   120 E =  -135.30 (  0.001) rejected by structure     1
 Conf   121 E =  -118.83 (  0.001) rejected by structure     2
 Conf   122 E =  -135.30 (  0.001) rejected by structure     1
 Conf   123 E =  -118.83 (  0.001) rejected by structure     2
 Conf   124 E =  -135.30 (  0.001) rejected by structure     1
 Conf   125 E =  -135.30 (  0.001) rejected by structure     1
 Conf   126 E =   409.36 (  0.001) rejected by energy
 Conf   127 E =  -135.30 (  0.000) rejected by structure     1
 Conf   128 E =  -135.30 (  0.001) rejected by structure     1
 Conf   129 E =  -118.83 (  0.001) rejected by structure     2
 Conf   130 E =  -135.30 (  0.001) rejected by structure     1
 Conf   131 E =  -118.83 (  0.001) rejected by structure     2
 Conf   132 E =  -135.30 (  0.001) rejected by structure     1
 Conf   133 E =  -118.83 (  0.001) rejected by structure     2
 Conf   134 E =  -135.30 (  0.001) rejected by structure     1
 Conf   135 E =  -118.83 (  0.001) rejected by structure     2
 Conf   136 E =  -118.83 (  0.001) rejected by structure     2
 Conf   137 E =  -118.83 (  0.001) rejected by structure     2
 Conf   138 E =  -135.30 (  0.001) rejected by structure     1
 Conf   139 E =  -118.83 (  0.001) rejected by structure     2
 Conf   140 E =   409.36 (  0.001) rejected by energy
 Conf   141 E =  -118.83 (  0.001) rejected by structure     2
 Conf   142 E =  -135.30 (  0.001) rejected by structure     1
 Conf   143 E =  -118.83 (  0.001) rejected by structure     2
 Conf   144 E =  -118.83 (  0.001) rejected by structure     2
 Conf   145 E =  -118.83 (  0.001) rejected by structure     2
 Conf   146 E =  -118.83 (  0.001) rejected by structure     2
 Conf   147 E =   415.16 (  0.001) rejected by energy
 Conf   148 E =  -135.30 (  0.001) rejected by structure     1
 Conf   149 E =  -118.83 (  0.001) rejected by structure     2
 Conf   150 E =  -135.30 (  0.001) rejected by structure     1
 Conf   151 E =  -118.83 (  0.001) rejected by structure     2
 Conf   152 E =  -135.30 (  0.001) rejected by structure     1
 Conf   153 E =  -118.83 (  0.001) rejected by structure     2
 Conf   154 E =  -135.30 (  0.001) rejected by structure     1
 Conf   155 E =  -135.30 (  0.001) rejected by structure     1
 Conf   156 E =  -135.30 (  0.001) rejected by structure     1
 Conf   157 E =  -118.83 (  0.001) rejected by structure     2
 Conf   158 E =  -135.30 (  0.001) rejected by structure     1
 Conf   159 E =  -135.30 (  0.001) rejected by structure     1
 Conf   160 E =  -135.30 (  0.001) rejected by structure     1
 Conf   161 E =  -118.83 (  0.001) rejected by structure     2
 Conf   162 E =  -135.30 (  0.001) rejected by structure     1
 Conf   163 E =  -135.30 (  0.001) rejected by structure     1
 Conf   164 E =  -135.30 (  0.001) rejected by structure     1
 Conf   165 E =  -118.83 (  0.001) rejected by structure     2
 Conf   166 E =  -135.30 (  0.001) rejected by structure     1
 Conf   167 E =  -118.83 (  0.001) rejected by structure     2
 Conf   168 E =  -135.30 (  0.001) rejected by structure     1
 Conf   169 E =  -135.30 (  0.001) rejected by structure     1
 Conf   170 E =  -135.30 (  0.001) rejected by structure     1
 Conf   171 E =  -118.83 (  0.001) rejected by structure     2
 Conf   172 E =  -135.30 (  0.001) rejected by structure     1
 Conf   173 E =  -118.83 (  0.001) rejected by structure     2
 Conf   174 E =  -118.83 (  0.001) rejected by structure     2
 Conf   175 E =  -118.83 (  0.001) rejected by structure     2
 Conf   176 E =  -118.83 (  0.001) rejected by structure     2
 Conf   177 E =  -135.30 (  0.001) rejected by structure     1
 Conf   178 E =  -135.30 (  0.001) rejected by structure     1
 Conf   179 E =  -118.83 (  0.001) rejected by structure     2
 Conf   180 E =  -135.30 (  0.001) rejected by structure     1
 Conf   181 E =  -135.30 (  0.001) rejected by structure     1
 Conf   182 E =  -135.30 (  0.001) rejected by structure     1
 Conf   183 E =  -135.30 (  0.001) rejected by structure     1
 Conf   184 E =  -135.30 (  0.001) rejected by structure     1
 Conf   185 E =  -118.83 (  0.001) rejected by structure     2
 Conf   186 E =  -135.30 (  0.001) rejected by structure     1
 Conf   187 E =  -118.83 (  0.001) rejected by structure     2
 Conf   188 E =  -135.30 (  0.001) rejected by structure     1
 Conf   189 E =  -118.83 (  0.001) rejected by structure     2
 Conf   190 E =  -135.30 (  0.001) rejected by structure     1
 Conf   191 E =  -135.30 (  0.001) rejected by structure     1
 Conf   192 E =  -118.83 (  0.001) rejected by structure     2
 Conf   193 E =  -135.30 (  0.001) rejected by structure     1
 Conf   194 E =  -135.30 (  0.001) rejected by structure     1
 Conf   195 E =   415.16 (  0.001) rejected by energy
 Conf   196 E =  -135.30 (  0.001) rejected by structure     1
 Conf   197 E =  -135.30 (  0.001) rejected by structure     1
 Conf   198 E =  -135.30 (  0.001) rejected by structure     1
 Conf   199 E =  -118.83 (  0.001) rejected by structure     2
 Conf   200 E =  -135.30 (  0.001) rejected by structure     1
 
Final report; processing .tmp file:
    2 unique conformations found so far
    2 minimized with good convergence
Found     1 confs within  1.00 kcal/mol ( 4.18 kJ/mol) of glob. min.
Found     2 confs within  5.00 kcal/mol (20.92 kJ/mol) of glob. min.
Global minimum E =   -135.30 found   102 times.
  200 steps performed so far, out of   200
 E of low-energy structures above global min [kJ/mol],  and no. times found:
    E:  0.00 16.47
  No.:   102    90
 
Input structure with title on the next line is given SerNo:        1
pyrz2.xyz
Auto summary for input structure      1:
 Total number of structures processed =         200
 Conformations with poor convergence marked with a *
 Conformation       1 (   -135.3033     kJ/mol) was found   102 times
 Conformation       2 (   -118.8314     kJ/mol) was found    90 times
           *** MC Statistics ***
 Percent of minimized structures within energetic window:   96.00000    
 Average number of duplicates:     96.00000    
 Duplication standard deviation:   8.485281    
         207  structures generated
           0  rejected by ring closure
           8  rejected by van der Waals
         190  duplicate minimised structures
 
BatchMin: normal termination                           06-Aug-2024 22:06:37

real	0m33.924s
user	0m29.415s
sys	0m4.407s
