 
 JobID: compute-0-8-0-66b2e261
 BatchMin V13.8    Build  138132  Starting Time 06-Aug-2024 21:56:36
 MacroModel. Copyright Schrodinger, LLC.
 All rights reserved.

 Input filename:  pyrd5.mae
 Output filename: pyrd5_out.maegz
 Turning on debug switch          55
 Atom-type file: /share/apps/schrodinger2022-4/mmshare-v6.0/bin/Linux-x86_64/../../data/atom.typ
 No FFLD_OPLS_PRINT license found. Forcefield parameters will not be revealed.
 Force field: /share/apps/schrodinger2022-4/macromodel-v13.8/bin/Linux-x86_64/../../data/f16.fld
 Read    17 atoms. Structure name, if any, appears on next line: 
 pyrd5.xyz
Low-frequency-Mode Conformational Search.
 Probability of TORS/MOLS steps:   0.5000000    
 Non-conformer Serial Search requested
 Number of steps set to :         100
 Quality of Force Field Parameters in Use:
   Numbers of high, medium and low quality stretch parameters =   17    0    0
   Numbers of high, medium and low quality bend parameters    =   28    0    0
   Numbers of high, medium and low quality torsion parameters =   32    0    0
   Interactions examined:         77 of         77 total, including unused params.
      Stretch total=       17   constrained=        0
         Bend total=       28   constrained=        0        linear=        0
      Torsion total=       37   constrained=        0  out-of-plane=        5
    Nonbonded total=       91      H-bonded=        0      ordinary=       91
  Nonbonded cutoffs: CutVdw=   7.00    ;  CutEs=   12.0    
 Starting conjugate gradient minimization.
          Step     1 New global minimum.  E (kJ/mol) =       52.27
 Conf     1 E =    52.27 (  0.001) is unique and stored as structure     1
 Conf     2 E =    52.27 (  0.001) rejected by structure     1
 Conf     3 E =    52.27 (  0.001) rejected by structure     1
          Step     4 New global minimum.  E (kJ/mol) =       52.27
 Conf     4 E =    52.27 (  0.000) replaces structure     1
          Step     5 New global minimum.  E (kJ/mol) =       52.27
 Conf     5 E =    52.27 (  0.001) replaces structure     1
 Conf     6 E =    52.27 (  0.001) rejected by structure     1
 Conf     7 E =    52.27 (  0.001) rejected by structure     1
 Conf     8 E =    52.27 (  0.001) rejected by structure     1
 Conf     9 E =    52.27 (  0.001) rejected by structure     1
 Conf    10 E =    52.27 (  0.001) rejected by structure     1
 Conf    11 E =    52.27 (  0.001) rejected by structure     1
 Conf    12 E =    52.27 (  0.001) rejected by structure     1
 Conf    13 E =    52.27 (  0.001) rejected by structure     1
 Conf    14 E =    52.27 (  0.001) rejected by structure     1
 Conf    15 E =    52.27 (  0.001) rejected by structure     1
 Conf    16 E =    52.27 (  0.001) rejected by structure     1
 Conf    17 E =    52.27 (  0.000) rejected by structure     1
 Conf    18 E =    52.27 (  0.001) rejected by structure     1
 Conf    19 E =    52.27 (  0.001) rejected by structure     1
 Conf    20 E =    52.27 (  0.000) rejected by structure     1
 Conf    21 E =    52.27 (  0.001) rejected by structure     1
 Conf    22 E =    52.27 (  0.000) rejected by structure     1
 Conf    23 E =    52.27 (  0.001) rejected by structure     1
 Conf    24 E =    52.27 (  0.001) rejected by structure     1
 Conf    25 E =    52.27 (  0.001) rejected by structure     1
 Conf    26 E =    52.27 (  0.001) rejected by structure     1
 Conf    27 E =    52.27 (  0.000) rejected by structure     1
 Conf    28 E =    52.27 (  0.000) rejected by structure     1
 Conf    29 E =    52.27 (  0.001) rejected by structure     1
 Conf    30 E =    52.27 (  0.001) rejected by structure     1
 Conf    31 E =    52.27 (  0.001) rejected by structure     1
 Conf    32 E =    52.27 (  0.001) rejected by structure     1
 Conf    33 E =    52.27 (  0.001) rejected by structure     1
 Conf    34 E =    52.27 (  0.001) rejected by structure     1
 Conf    35 E =    52.27 (  0.000) rejected by structure     1
 Conf    36 E =    52.27 (  0.001) rejected by structure     1
 Conf    37 E =    52.27 (  0.001) rejected by structure     1
 Conf    38 E =    52.27 (  0.001) rejected by structure     1
 Conf    39 E =    52.27 (  0.001) rejected by structure     1
 Conf    40 E =    52.27 (  0.001) rejected by structure     1
 Conf    41 E =    52.27 (  0.001) rejected by structure     1
 Conf    42 E =    52.27 (  0.000) rejected by structure     1
 Conf    43 E =    52.27 (  0.001) rejected by structure     1
 Conf    44 E =    52.27 (  0.000) rejected by structure     1
 Conf    45 E =    52.27 (  0.001) rejected by structure     1
 Conf    46 E =    52.27 (  0.001) rejected by structure     1
 Conf    47 E =    52.27 (  0.001) rejected by structure     1
 Conf    48 E =    52.27 (  0.001) rejected by structure     1
 Conf    49 E =    52.27 (  0.001) rejected by structure     1
 Conf    50 E =    52.27 (  0.001) rejected by structure     1
 Conf    51 E =    52.27 (  0.001) rejected by structure     1
 Conf    52 E =    52.27 (  0.001) rejected by structure     1
 Conf    53 E =    52.27 (  0.001) rejected by structure     1
 Conf    54 E =    52.27 (  0.001) rejected by structure     1
 Conf    55 E =    52.27 (  0.001) rejected by structure     1
 Conf    56 E =    52.27 (  0.001) rejected by structure     1
 Conf    57 E =    52.27 (  0.001) rejected by structure     1
 Conf    58 E =    52.27 (  0.001) rejected by structure     1
 Conf    59 E =    52.27 (  0.001) rejected by structure     1
 Conf    60 E =    52.27 (  0.001) rejected by structure     1
 Conf    61 E =    52.27 (  0.001) rejected by structure     1
 Conf    62 E =    52.27 (  0.001) rejected by structure     1
 Conf    63 E =    52.27 (  0.000) rejected by structure     1
 Conf    64 E =    52.27 (  0.001) rejected by structure     1
 Conf    65 E =    52.27 (  0.001) rejected by structure     1
 Conf    66 E =    52.27 (  0.001) rejected by structure     1
 Conf    67 E =    52.27 (  0.001) rejected by structure     1
 Conf    68 E =    52.27 (  0.001) rejected by structure     1
 Conf    69 E =    52.27 (  0.001) rejected by structure     1
 Conf    70 E =    52.27 (  0.001) rejected by structure     1
 Conf    71 E =    52.27 (  0.001) rejected by structure     1
 Conf    72 E =    52.27 (  0.001) rejected by structure     1
 Conf    73 E =    52.27 (  0.001) rejected by structure     1
 Conf    74 E =    52.27 (  0.000) rejected by structure     1
 Conf    75 E =    52.27 (  0.000) rejected by structure     1
 Conf    76 E =    52.27 (  0.001) rejected by structure     1
 Conf    77 E =    52.27 (  0.001) rejected by structure     1
 Conf    78 E =    52.27 (  0.001) rejected by structure     1
 Conf    79 E =    52.27 (  0.001) rejected by structure     1
 Conf    80 E =    52.27 (  0.001) rejected by structure     1
 Conf    81 E =    52.27 (  0.001) rejected by structure     1
 Conf    82 E =    52.27 (  0.001) rejected by structure     1
 Conf    83 E =    52.27 (  0.001) rejected by structure     1
 Conf    84 E =    52.27 (  0.001) rejected by structure     1
 Conf    85 E =    52.27 (  0.000) rejected by structure     1
 Conf    86 E =    52.27 (  0.000) rejected by structure     1
 Conf    87 E =    52.27 (  0.001) rejected by structure     1
 Conf    88 E =    52.27 (  0.001) rejected by structure     1
 Conf    89 E =    52.27 (  0.001) rejected by structure     1
 Conf    90 E =    52.27 (  0.001) rejected by structure     1
 Conf    91 E =    52.27 (  0.001) rejected by structure     1
 Conf    92 E =    52.27 (  0.001) rejected by structure     1
 Conf    93 E =    52.27 (  0.001) rejected by structure     1
 Conf    94 E =    52.27 (  0.001) rejected by structure     1
 Conf    95 E =    52.27 (  0.000) rejected by structure     1
 Conf    96 E =    52.27 (  0.001) rejected by structure     1
 Conf    97 E =    52.27 (  0.001) rejected by structure     1
 Conf    98 E =    52.27 (  0.000) rejected by structure     1
 Conf    99 E =    52.27 (  0.001) rejected by structure     1
 Conf   100 E =    52.27 (  0.001) rejected by structure     1
 
Final report; processing .tmp file:
    1 unique conformations found so far
    1 minimized with good convergence
Found     1 confs within  1.00 kcal/mol ( 4.18 kJ/mol) of glob. min.
Global minimum E =     52.27 found   100 times.
  100 steps performed so far, out of   100
 E of low-energy structures above global min [kJ/mol],  and no. times found:
    E:  0.00
  No.:   100
 
Input structure with title on the next line is given SerNo:        1
pyrd5.xyz
Auto summary for input structure      1:
 Total number of structures processed =         100
 Conformations with poor convergence marked with a *
 Conformation       1 (    52.27329     kJ/mol) was found   100 times
           *** MC Statistics ***
 Percent of minimized structures within energetic window:   100.0000    
 Average number of duplicates:     100.0000    
 Duplication standard deviation:  0.0000000E+00
         108  structures generated
           0  rejected by ring closure
           9  rejected by van der Waals
          99  duplicate minimised structures
 
BatchMin: normal termination                           06-Aug-2024 21:56:47

real	0m12.638s
user	0m10.835s
sys	0m1.705s
