 
 JobID: compute-0-8-0-66b2e472
 BatchMin V13.8    Build  138132  Starting Time 06-Aug-2024 22:05:25
 MacroModel. Copyright Schrodinger, LLC.
 All rights reserved.

 Input filename:  pyrmd7.mae
 Output filename: pyrmd7_out.maegz
 Turning on debug switch          55
 Atom-type file: /share/apps/schrodinger2022-4/mmshare-v6.0/bin/Linux-x86_64/../../data/atom.typ
 No FFLD_OPLS_PRINT license found. Forcefield parameters will not be revealed.
 Force field: /share/apps/schrodinger2022-4/macromodel-v13.8/bin/Linux-x86_64/../../data/f16.fld
 Read    17 atoms. Structure name, if any, appears on next line: 
 pyrmd7.xyz
Low-frequency-Mode Conformational Search.
 Probability of TORS/MOLS steps:   0.5000000    
 Non-conformer Serial Search requested
 Number of steps set to :         100
 Quality of Force Field Parameters in Use:
   Numbers of high, medium and low quality stretch parameters =   17    0    0
   Numbers of high, medium and low quality bend parameters    =   27    0    0
   Numbers of high, medium and low quality torsion parameters =   27    0    0
   Interactions examined:         71 of         71 total, including unused params.
      Stretch total=       17   constrained=        0
         Bend total=       27   constrained=        0        linear=        0
      Torsion total=       31   constrained=        0  out-of-plane=        4
    Nonbonded total=       92      H-bonded=        0      ordinary=       92
  Nonbonded cutoffs: CutVdw=   7.00    ;  CutEs=   12.0    
 Starting conjugate gradient minimization.
          Step     1 New global minimum.  E (kJ/mol) =      -24.66
 Conf     1 E =   -24.66 (  0.001) is unique and stored as structure     1
 Conf     2 E =   -24.66 (  0.001) rejected by structure     1
 Conf     3 E =   -24.66 (  0.001) rejected by structure     1
 Conf     4 E =   -24.66 (  0.001) rejected by structure     1
 Conf     5 E =   -24.66 (  0.001) rejected by structure     1
 Conf     6 E =   -24.66 (  0.001) rejected by structure     1
 Conf     7 E =   -24.66 (  0.001) rejected by structure     1
 Conf     8 E =   -24.66 (  0.001) rejected by structure     1
 Conf     9 E =   -24.66 (  0.001) rejected by structure     1
 Conf    10 E =   -24.66 (  0.000) rejected by structure     1
 Conf    11 E =   -24.66 (  0.001) rejected by structure     1
 Conf    12 E =   -24.66 (  0.001) rejected by structure     1
 Conf    13 E =   -24.66 (  0.001) rejected by structure     1
 Conf    14 E =   -24.66 (  0.000) rejected by structure     1
 Conf    15 E =   -24.66 (  0.001) rejected by structure     1
 Conf    16 E =   -24.66 (  0.001) rejected by structure     1
 Conf    17 E =   -24.66 (  0.000) rejected by structure     1
 Conf    18 E =   -24.66 (  0.001) rejected by structure     1
 Conf    19 E =   -24.66 (  0.001) rejected by structure     1
 Conf    20 E =   -24.66 (  0.000) rejected by structure     1
 Conf    21 E =   -24.66 (  0.001) rejected by structure     1
 Conf    22 E =   -24.66 (  0.001) rejected by structure     1
 Conf    23 E =   -24.66 (  0.001) rejected by structure     1
 Conf    24 E =   -24.66 (  0.001) rejected by structure     1
 Conf    25 E =   -24.66 (  0.001) rejected by structure     1
 Conf    26 E =   -24.66 (  0.000) rejected by structure     1
 Conf    27 E =   -24.66 (  0.001) rejected by structure     1
 Conf    28 E =   -24.66 (  0.001) rejected by structure     1
 Conf    29 E =   -24.66 (  0.001) rejected by structure     1
 Conf    30 E =   -24.66 (  0.000) rejected by structure     1
 Conf    31 E =   -24.66 (  0.001) rejected by structure     1
 Conf    32 E =   -24.66 (  0.001) rejected by structure     1
 Conf    33 E =   -24.66 (  0.001) rejected by structure     1
 Conf    34 E =   -24.66 (  0.001) rejected by structure     1
 Conf    35 E =   -24.66 (  0.001) rejected by structure     1
 Conf    36 E =   -24.66 (  0.001) rejected by structure     1
 Conf    37 E =   -24.66 (  0.001) rejected by structure     1
 Conf    38 E =   -24.66 (  0.000) rejected by structure     1
 Conf    39 E =   -24.66 (  0.001) rejected by structure     1
 Conf    40 E =   -24.66 (  0.001) rejected by structure     1
 Conf    41 E =   -24.66 (  0.001) rejected by structure     1
 Conf    42 E =   -24.66 (  0.001) rejected by structure     1
 Conf    43 E =   -24.66 (  0.001) rejected by structure     1
 Conf    44 E =   -24.66 (  0.001) rejected by structure     1
 Conf    45 E =   -24.66 (  0.001) rejected by structure     1
 Conf    46 E =   -24.66 (  0.001) rejected by structure     1
 Conf    47 E =   -24.66 (  0.001) rejected by structure     1
 Conf    48 E =   -24.66 (  0.001) rejected by structure     1
 Conf    49 E =   -24.66 (  0.001) rejected by structure     1
 Conf    50 E =   -24.66 (  0.001) rejected by structure     1
 Conf    51 E =   -24.66 (  0.001) rejected by structure     1
 Conf    52 E =   -24.66 (  0.001) rejected by structure     1
 Conf    53 E =   -24.66 (  0.001) rejected by structure     1
 Conf    54 E =   -24.66 (  0.001) rejected by structure     1
 Conf    55 E =   -24.66 (  0.001) rejected by structure     1
 Conf    56 E =   -24.66 (  0.001) rejected by structure     1
 Conf    57 E =   -24.66 (  0.001) rejected by structure     1
 Conf    58 E =   -24.66 (  0.000) rejected by structure     1
 Conf    59 E =   -24.66 (  0.001) rejected by structure     1
 Conf    60 E =   -24.66 (  0.001) rejected by structure     1
 Conf    61 E =   -24.66 (  0.001) rejected by structure     1
 Conf    62 E =   -24.66 (  0.001) rejected by structure     1
 Conf    63 E =   -24.66 (  0.001) rejected by structure     1
 Conf    64 E =   -24.66 (  0.001) rejected by structure     1
 Conf    65 E =   -24.66 (  0.001) rejected by structure     1
 Conf    66 E =   -24.66 (  0.001) rejected by structure     1
 Conf    67 E =   -24.66 (  0.001) rejected by structure     1
 Conf    68 E =   -24.66 (  0.001) rejected by structure     1
 Conf    69 E =   -24.66 (  0.001) rejected by structure     1
 Conf    70 E =   -24.66 (  0.000) rejected by structure     1
 Conf    71 E =   -24.66 (  0.000) rejected by structure     1
 Conf    72 E =   -24.66 (  0.001) rejected by structure     1
 Conf    73 E =   -24.66 (  0.000) rejected by structure     1
 Conf    74 E =   -24.66 (  0.001) rejected by structure     1
 Conf    75 E =   -24.66 (  0.001) rejected by structure     1
 Conf    76 E =   -24.66 (  0.001) rejected by structure     1
 Conf    77 E =   -24.66 (  0.001) rejected by structure     1
 Conf    78 E =   -24.66 (  0.001) rejected by structure     1
 Conf    79 E =   -24.66 (  0.001) rejected by structure     1
 Conf    80 E =   -24.66 (  0.000) rejected by structure     1
 Conf    81 E =   -24.66 (  0.001) rejected by structure     1
 Conf    82 E =   -24.66 (  0.001) rejected by structure     1
 Conf    83 E =   -24.66 (  0.001) rejected by structure     1
 Conf    84 E =   -24.66 (  0.000) rejected by structure     1
 Conf    85 E =   -24.66 (  0.001) rejected by structure     1
 Conf    86 E =   -24.66 (  0.001) rejected by structure     1
 Conf    87 E =   -24.66 (  0.001) rejected by structure     1
 Conf    88 E =   -24.66 (  0.001) rejected by structure     1
 Conf    89 E =   -24.66 (  0.001) rejected by structure     1
 Conf    90 E =   -24.66 (  0.000) rejected by structure     1
 Conf    91 E =   -24.66 (  0.001) rejected by structure     1
 Conf    92 E =   -24.66 (  0.001) rejected by structure     1
 Conf    93 E =   -24.66 (  0.001) rejected by structure     1
 Conf    94 E =   -24.66 (  0.001) rejected by structure     1
 Conf    95 E =   -24.66 (  0.001) rejected by structure     1
 Conf    96 E =   -24.66 (  0.001) rejected by structure     1
 Conf    97 E =   -24.66 (  0.001) rejected by structure     1
 Conf    98 E =   -24.66 (  0.001) rejected by structure     1
 Conf    99 E =   -24.66 (  0.001) rejected by structure     1
 Conf   100 E =   -24.66 (  0.001) rejected by structure     1
 
Final report; processing .tmp file:
    1 unique conformations found so far
    1 minimized with good convergence
Found     1 confs within  1.00 kcal/mol ( 4.18 kJ/mol) of glob. min.
Global minimum E =    -24.66 found   100 times.
  100 steps performed so far, out of   100
 E of low-energy structures above global min [kJ/mol],  and no. times found:
    E:  0.00
  No.:   100
 
Input structure with title on the next line is given SerNo:        1
pyrmd7.xyz
Auto summary for input structure      1:
 Total number of structures processed =         100
 Conformations with poor convergence marked with a *
 Conformation       1 (   -24.65912     kJ/mol) was found   100 times
           *** MC Statistics ***
 Percent of minimized structures within energetic window:   100.0000    
 Average number of duplicates:     100.0000    
 Duplication standard deviation:  0.0000000E+00
         112  structures generated
           0  rejected by ring closure
          13  rejected by van der Waals
          99  duplicate minimised structures
 
BatchMin: normal termination                           06-Aug-2024 22:05:36

real	0m12.030s
user	0m10.249s
sys	0m1.609s
