 
 JobID: compute-0-8-0-66b2e396
 BatchMin V13.8    Build  138132  Starting Time 06-Aug-2024 22:01:44
 MacroModel. Copyright Schrodinger, LLC.
 All rights reserved.

 Input filename:  pyrdz1.mae
 Output filename: pyrdz1_out.maegz
 Turning on debug switch          55
 Atom-type file: /share/apps/schrodinger2022-4/mmshare-v6.0/bin/Linux-x86_64/../../data/atom.typ
 No FFLD_OPLS_PRINT license found. Forcefield parameters will not be revealed.
 Force field: /share/apps/schrodinger2022-4/macromodel-v13.8/bin/Linux-x86_64/../../data/f16.fld
 Read    29 atoms. Structure name, if any, appears on next line: 
 pyrdz1.xyz
Low-frequency-Mode Conformational Search.
 Probability of TORS/MOLS steps:   0.5000000    
 Non-conformer Serial Search requested
 Number of steps set to :         200
 Quality of Force Field Parameters in Use:
   Numbers of high, medium and low quality stretch parameters =   30    0    0
   Numbers of high, medium and low quality bend parameters    =   50    0    0
   Numbers of high, medium and low quality torsion parameters =   69    0    0
   Interactions examined:        149 of        149 total, including unused params.
      Stretch total=       30   constrained=        0
         Bend total=       50   constrained=        0        linear=        0
      Torsion total=       79   constrained=        0  out-of-plane=       10
    Nonbonded total=      326      H-bonded=        0      ordinary=      326
  Nonbonded cutoffs: CutVdw=   7.00    ;  CutEs=   12.0    
 Starting conjugate gradient minimization.
          Step     1 New global minimum.  E (kJ/mol) =       72.27
 Conf     1 E =    72.27 (  0.001) is unique and stored as structure     1
 Conf     2 E =    72.27 (  0.001) rejected by structure     1
 Conf     3 E =    72.27 (  0.001) rejected by structure     1
 Conf     4 E =    72.27 (  0.001) rejected by structure     1
 Conf     5 E =    79.14 (  0.001) is unique and stored as structure     2
 Conf     6 E =    78.28 (  0.001) is unique and stored as structure     3
 Conf     7 E =    78.28 (  0.001) rejected by structure     3
 Conf     8 E =    78.28 (  0.001) rejected by structure     3
 Conf     9 E =    72.27 (  0.001) rejected by structure     1
 Conf    10 E =    78.28 (  0.001) rejected by structure     3
 Conf    11 E =    72.27 (  0.001) rejected by structure     1
 Conf    12 E =    79.14 (  0.001) rejected by structure     2
 Conf    13 E =    79.14 (  0.001) rejected by structure     2
 Conf    14 E =    79.14 (  0.001) rejected by structure     2
 Conf    15 E =    78.28 (  0.001) rejected by structure     3
          Step    16 New global minimum.  E (kJ/mol) =       71.23
 Conf    16 E =    71.23 (  0.001) is unique and stored as structure     4
 Conf    17 E =    78.28 (  0.001) rejected by structure     3
 Conf    18 E =    72.27 (  0.001) rejected by structure     1
 Conf    19 E =    71.23 (  0.001) rejected by structure     4
 Conf    20 E =    72.27 (  0.001) rejected by structure     1
          Step    21 New global minimum.  E (kJ/mol) =       71.23
 Conf    21 E =    71.23 (  0.001) replaces structure     4
 Conf    22 E =    71.23 (  0.001) rejected by structure     4
 Conf    23 E =    78.28 (  0.001) rejected by structure     3
 Conf    24 E =    78.28 (  0.001) rejected by structure     3
 Conf    25 E =    79.14 (  0.001) rejected by structure     2
 Conf    26 E =    71.23 (  0.001) rejected by structure     4
 Conf    27 E =    72.27 (  0.001) rejected by structure     1
 Conf    28 E =    78.28 (  0.001) replaces structure     3
 Conf    29 E =    71.23 (  0.001) rejected by structure     4
 Conf    30 E =    71.23 (  0.001) rejected by structure     4
 Conf    31 E =    78.28 (  0.001) rejected by structure     3
 Conf    32 E =    78.28 (  0.001) rejected by structure     3
 Conf    33 E =    78.28 (  0.001) rejected by structure     3
 Conf    34 E =    71.23 (  0.001) rejected by structure     4
 Conf    35 E =    78.28 (  0.001) rejected by structure     3
 Conf    36 E =    78.28 (  0.001) rejected by structure     3
 Conf    37 E =    79.14 (  0.001) rejected by structure     2
 Conf    38 E =    71.23 (  0.001) rejected by structure     4
 Conf    39 E =    79.14 (  0.001) rejected by structure     2
 Conf    40 E =    78.28 (  0.001) rejected by structure     3
 Conf    41 E =    79.14 (  0.001) rejected by structure     2
 Conf    42 E =    72.27 (  0.001) rejected by structure     1
 Conf    43 E =    72.27 (  0.001) rejected by structure     1
 Conf    44 E =    78.28 (  0.000) rejected by structure     3
 Conf    45 E =    78.28 (  0.001) rejected by structure     3
 Conf    46 E =    71.23 (  0.001) rejected by structure     4
 Conf    47 E =    72.27 (  0.001) rejected by structure     1
 Conf    48 E =    79.14 (  0.001) rejected by structure     2
 Conf    49 E =    79.14 (  0.001) rejected by structure     2
 Conf    50 E =    71.23 (  0.001) rejected by structure     4
 Conf    51 E =    72.27 (  0.001) rejected by structure     1
 Conf    52 E =    78.28 (  0.001) rejected by structure     3
 Conf    53 E =    78.28 (  0.001) rejected by structure     3
 Conf    54 E =    72.27 (  0.001) rejected by structure     1
 Conf    55 E =    72.27 (  0.001) rejected by structure     1
 Conf    56 E =    72.27 (  0.001) rejected by structure     1
 Conf    57 E =    72.27 (  0.001) rejected by structure     1
 Conf    58 E =    71.23 (  0.001) rejected by structure     4
 Conf    59 E =    72.27 (  0.001) rejected by structure     1
 Conf    60 E =    71.23 (  0.001) rejected by structure     4
 Conf    61 E =    79.14 (  0.001) rejected by structure     2
 Conf    62 E =    72.27 (  0.001) rejected by structure     1
 Conf    63 E =    72.27 (  0.001) rejected by structure     1
 Conf    64 E =    78.28 (  0.001) rejected by structure     3
 Conf    65 E =    79.14 (  0.001) rejected by structure     2
 Conf    66 E =    71.23 (  0.001) rejected by structure     4
 Conf    67 E =    72.27 (  0.001) rejected by structure     1
 Conf    68 E =    72.27 (  0.001) rejected by structure     1
 Conf    69 E =    72.27 (  0.001) rejected by structure     1
 Conf    70 E =    72.27 (  0.001) rejected by structure     1
 Conf    71 E =    72.27 (  0.001) rejected by structure     1
 Conf    72 E =    78.28 (  0.001) rejected by structure     3
 Conf    73 E =    78.28 (  0.001) rejected by structure     3
 Conf    74 E =    71.23 (  0.001) rejected by structure     4
 Conf    75 E =    79.14 (  0.000) rejected by structure     2
 Conf    76 E =    79.14 (  0.001) rejected by structure     2
 Conf    77 E =    78.28 (  0.001) rejected by structure     3
 Conf    78 E =    71.23 (  0.001) rejected by structure     4
 Conf    79 E =    71.23 (  0.001) rejected by structure     4
 Conf    80 E =    78.28 (  0.001) rejected by structure     3
 Conf    81 E =    79.14 (  0.001) rejected by structure     2
 Conf    82 E =    72.27 (  0.001) rejected by structure     1
 Conf    83 E =    78.28 (  0.001) rejected by structure     3
 Conf    84 E =    78.28 (  0.001) rejected by structure     3
 Conf    85 E =    78.28 (  0.001) rejected by structure     3
 Conf    86 E =    71.23 (  0.001) rejected by structure     4
 Conf    87 E =    71.23 (  0.001) rejected by structure     4
 Conf    88 E =    78.28 (  0.001) rejected by structure     3
 Conf    89 E =    79.14 (  0.001) rejected by structure     2
 Conf    90 E =    71.23 (  0.001) rejected by structure     4
 Conf    91 E =    72.27 (  0.001) rejected by structure     1
 Conf    92 E =    72.27 (  0.001) rejected by structure     1
 Conf    93 E =    78.28 (  0.001) rejected by structure     3
 Conf    94 E =    71.23 (  0.000) rejected by structure     4
 Conf    95 E =    71.23 (  0.001) rejected by structure     4
 Conf    96 E =    78.28 (  0.001) rejected by structure     3
 Conf    97 E =    72.27 (  0.001) rejected by structure     1
 Conf    98 E =    71.23 (  0.001) rejected by structure     4
 Conf    99 E =    78.28 (  0.001) rejected by structure     3
 Conf   100 E =    78.28 (  0.001) rejected by structure     3
 
Interim report; processing .tmp file:
    4 unique conformations found so far
    4 minimized with good convergence
Found     2 confs within  1.00 kcal/mol ( 4.18 kJ/mol) of glob. min.
Found     4 confs within  2.00 kcal/mol ( 8.37 kJ/mol) of glob. min.
Global minimum E =     71.23 found    23 times.
  100 steps performed so far, out of   200
 E of low-energy structures above global min [kJ/mol],  and no. times found:
    E:  0.00  1.04  7.05  7.91
  No.:    23    29    32    16
 
 Conf   101 E =    79.14 (  0.001) rejected by structure     4
 Conf   102 E =    71.23 (  0.001) rejected by structure     1
 Conf   103 E =    79.14 (  0.001) rejected by structure     4
 Conf   104 E =    78.28 (  0.001) rejected by structure     3
 Conf   105 E =    79.14 (  0.001) rejected by structure     4
 Conf   106 E =    78.28 (  0.001) rejected by structure     3
 Conf   107 E =    72.27 (  0.001) rejected by structure     2
 Conf   108 E =    78.28 (  0.001) rejected by structure     3
 Conf   109 E =    72.27 (  0.001) rejected by structure     2
 Conf   110 E =    72.27 (  0.001) rejected by structure     2
 Conf   111 E =    72.27 (  0.001) rejected by structure     2
 Conf   112 E =    78.28 (  0.001) rejected by structure     3
 Conf   113 E =    79.14 (  0.001) rejected by structure     4
 Conf   114 E =    71.23 (  0.001) rejected by structure     1
 Conf   115 E =    78.28 (  0.001) rejected by structure     3
 Conf   116 E =    79.14 (  0.001) rejected by structure     4
 Conf   117 E =    79.14 (  0.001) rejected by structure     4
 Conf   118 E =    78.28 (  0.001) rejected by structure     3
 Conf   119 E =    72.27 (  0.001) rejected by structure     2
 Conf   120 E =    78.28 (  0.001) rejected by structure     3
 Conf   121 E =    72.27 (  0.001) rejected by structure     2
 Conf   122 E =    71.23 (  0.001) rejected by structure     1
 Conf   123 E =    79.14 (  0.001) rejected by structure     4
 Conf   124 E =    78.28 (  0.000) rejected by structure     3
 Conf   125 E =    78.28 (  0.001) rejected by structure     3
 Conf   126 E =    71.23 (  0.001) rejected by structure     1
 Conf   127 E =    72.27 (  0.001) rejected by structure     2
 Conf   128 E =    79.14 (  0.001) rejected by structure     4
 Conf   129 E =    78.28 (  0.001) rejected by structure     3
 Conf   130 E =    71.23 (  0.001) rejected by structure     1
 Conf   131 E =    72.27 (  0.001) rejected by structure     2
 Conf   132 E =    78.28 (  0.001) rejected by structure     3
 Conf   133 E =    79.14 (  0.001) rejected by structure     4
 Conf   134 E =    72.27 (  0.001) rejected by structure     2
 Conf   135 E =    71.23 (  0.001) rejected by structure     1
 Conf   136 E =    78.28 (  0.001) rejected by structure     3
 Conf   137 E =    78.28 (  0.001) rejected by structure     3
 Conf   138 E =    71.23 (  0.001) rejected by structure     1
 Conf   139 E =    72.27 (  0.001) rejected by structure     2
 Conf   140 E =    78.28 (  0.001) rejected by structure     3
 Conf   141 E =    72.27 (  0.001) rejected by structure     2
 Conf   142 E =    78.28 (  0.001) rejected by structure     3
 Conf   143 E =    72.27 (  0.001) rejected by structure     2
 Conf   144 E =    78.28 (  0.001) rejected by structure     3
 Conf   145 E =    78.28 (  0.001) rejected by structure     3
 Conf   146 E =    71.23 (  0.001) rejected by structure     1
 Conf   147 E =    72.27 (  0.001) rejected by structure     2
 Conf   148 E =    78.28 (  0.001) rejected by structure     3
 Conf   149 E =    78.28 (  0.001) rejected by structure     3
 Conf   150 E =    71.23 (  0.001) rejected by structure     1
 Conf   151 E =    72.27 (  0.001) rejected by structure     2
 Conf   152 E =    79.14 (  0.001) rejected by structure     4
 Conf   153 E =    79.14 (  0.001) rejected by structure     4
 Conf   154 E =    78.28 (  0.001) rejected by structure     3
 Conf   155 E =    79.14 (  0.000) rejected by structure     4
 Conf   156 E =    79.14 (  0.001) rejected by structure     4
 Conf   157 E =    71.23 (  0.001) rejected by structure     1
 Conf   158 E =    71.23 (  0.001) rejected by structure     1
 Conf   159 E =    78.28 (  0.001) rejected by structure     3
 Conf   160 E =    79.14 (  0.001) replaces structure     4
 Conf   161 E =    79.14 (  0.001) rejected by structure     4
 Conf   162 E =    78.28 (  0.001) rejected by structure     3
 Conf   163 E =    79.14 (  0.001) rejected by structure     4
 Conf   164 E =    79.14 (  0.001) rejected by structure     4
 Conf   165 E =    79.14 (  0.001) rejected by structure     4
 Conf   166 E =    71.23 (  0.001) rejected by structure     1
 Conf   167 E =    72.27 (  0.001) rejected by structure     2
 Conf   168 E =    78.28 (  0.001) rejected by structure     3
 Conf   169 E =    72.27 (  0.001) rejected by structure     2
 Conf   170 E =    78.28 (  0.001) rejected by structure     3
 Conf   171 E =    72.27 (  0.001) rejected by structure     2
 Conf   172 E =    78.28 (  0.001) rejected by structure     3
 Conf   173 E =    78.28 (  0.001) rejected by structure     3
 Conf   174 E =    72.27 (  0.001) rejected by structure     2
 Conf   175 E =    71.23 (  0.001) rejected by structure     1
 Conf   176 E =    79.14 (  0.001) rejected by structure     4
 Conf   177 E =    79.14 (  0.001) rejected by structure     4
 Conf   178 E =    72.27 (  0.000) rejected by structure     2
 Conf   179 E =    71.23 (  0.001) rejected by structure     1
 Conf   180 E =    78.28 (  0.001) rejected by structure     3
 Conf   181 E =    72.27 (  0.001) rejected by structure     2
 Conf   182 E =    71.23 (  0.001) rejected by structure     1
 Conf   183 E =    71.23 (  0.001) rejected by structure     1
 Conf   184 E =    78.28 (  0.001) rejected by structure     3
 Conf   185 E =    79.14 (  0.001) rejected by structure     4
 Conf   186 E =    71.23 (  0.001) rejected by structure     1
 Conf   187 E =    72.27 (  0.001) rejected by structure     2
 Conf   188 E =    72.27 (  0.001) rejected by structure     2
 Conf   189 E =    72.27 (  0.001) rejected by structure     2
 Conf   190 E =    78.28 (  0.001) rejected by structure     3
 Conf   191 E =    78.28 (  0.001) rejected by structure     3
 Conf   192 E =    78.28 (  0.001) rejected by structure     3
 Conf   193 E =    79.14 (  0.001) rejected by structure     4
 Conf   194 E =    71.23 (  0.001) rejected by structure     1
 Conf   195 E =    72.27 (  0.001) rejected by structure     2
 Conf   196 E =    78.28 (  0.001) rejected by structure     3
 Conf   197 E =    72.27 (  0.001) rejected by structure     2
 Conf   198 E =    71.23 (  0.001) rejected by structure     1
 Conf   199 E =    72.27 (  0.001) rejected by structure     2
 Conf   200 E =    78.28 (  0.001) rejected by structure     3
 
Final report; processing .tmp file:
    4 unique conformations found so far
    4 minimized with good convergence
Found     2 confs within  1.00 kcal/mol ( 4.18 kJ/mol) of glob. min.
Found     4 confs within  2.00 kcal/mol ( 8.37 kJ/mol) of glob. min.
Global minimum E =     71.23 found    42 times.
  200 steps performed so far, out of   200
 E of low-energy structures above global min [kJ/mol],  and no. times found:
    E:  0.00  1.04  7.05  7.91
  No.:    42    55    65    38
 
Input structure with title on the next line is given SerNo:        1
pyrdz1.xyz
Auto summary for input structure      1:
 Total number of structures processed =         200
 Conformations with poor convergence marked with a *
 Conformation       1 (    71.23035     kJ/mol) was found    42 times
 Conformation       2 (    72.27339     kJ/mol) was found    55 times
 Conformation       3 (    78.28302     kJ/mol) was found    65 times
 Conformation       4 (    79.14469     kJ/mol) was found    38 times
           *** MC Statistics ***
 Percent of minimized structures within energetic window:   100.0000    
 Average number of duplicates:     50.00000    
 Duplication standard deviation:   12.35584    
         210  structures generated
           0  rejected by ring closure
          11  rejected by van der Waals
         196  duplicate minimised structures
 
BatchMin: normal termination                           06-Aug-2024 22:02:08

real	0m24.943s
user	0m22.725s
sys	0m2.123s
