 
 JobID: compute-0-8-0-66b2e0d8
 BatchMin V13.8    Build  138132  Starting Time 06-Aug-2024 21:50:03
 MacroModel. Copyright Schrodinger, LLC.
 All rights reserved.

 Input filename:  pyrd2.mae
 Output filename: pyrd2_out.maegz
 Turning on debug switch          55
 Atom-type file: /share/apps/schrodinger2022-4/mmshare-v6.0/bin/Linux-x86_64/../../data/atom.typ
 No FFLD_OPLS_PRINT license found. Forcefield parameters will not be revealed.
 Force field: /share/apps/schrodinger2022-4/macromodel-v13.8/bin/Linux-x86_64/../../data/f16.fld
 Read    14 atoms. Structure name, if any, appears on next line: 
 pyrd2.xyz
Low-frequency-Mode Conformational Search.
 Probability of TORS/MOLS steps:   0.5000000    
 Non-conformer Serial Search requested
 Number of steps set to :           1
 Quality of Force Field Parameters in Use:
   Numbers of high, medium and low quality stretch parameters =   14    0    0
   Numbers of high, medium and low quality bend parameters    =   22    0    0
   Numbers of high, medium and low quality torsion parameters =   26    0    0
   Interactions examined:         62 of         62 total, including unused params.
      Stretch total=       14   constrained=        0
         Bend total=       22   constrained=        0        linear=        0
      Torsion total=       31   constrained=        0  out-of-plane=        5
    Nonbonded total=       55      H-bonded=        0      ordinary=       55
  Nonbonded cutoffs: CutVdw=   7.00    ;  CutEs=   12.0    
 Starting conjugate gradient minimization.
          Step     1 New global minimum.  E (kJ/mol) =       45.81
 Conf     1 E =    45.81 (  0.000) is unique and stored as structure     1
 
Final report; processing .tmp file:
    1 unique conformations found so far
    1 minimized with good convergence
Found     1 confs within  1.00 kcal/mol ( 4.18 kJ/mol) of glob. min.
Global minimum E =     45.81 found     1 times.
    1 steps performed so far, out of     1
 E of low-energy structures above global min [kJ/mol],  and no. times found:
    E:  0.00
  No.:     1
 
Input structure with title on the next line is given SerNo:        1
pyrd2.xyz
Auto summary for input structure      1:
 Total number of structures processed =           1
 Conformations with poor convergence marked with a *
 Conformation       1 (    45.81032     kJ/mol) was found     1 times
           *** MC Statistics ***
 Percent of minimized structures within energetic window:   100.0000    
 Average number of duplicates:     1.000000    
 Duplication standard deviation:  0.0000000E+00
           0  structures generated
           0  rejected by ring closure
           0  rejected by van der Waals
           0  duplicate minimised structures
 
BatchMin: normal termination                           06-Aug-2024 21:50:07

real	0m5.284s
user	0m4.609s
sys	0m0.560s
